Analysis & Synthesis report for anemometre
Mon Sep 28 11:02:34 2020
Quartus II Version 9.0 Build 235 06/17/2009 Service Pack 2 SJ Web Edition


---------------------
; Table of Contents ;
---------------------
  1. Legal Notice
  2. Analysis & Synthesis Summary
  3. Analysis & Synthesis Settings
  4. Analysis & Synthesis Source Files Read
  5. Analysis & Synthesis Resource Usage Summary
  6. Analysis & Synthesis Resource Utilization by Entity
  7. Registers Removed During Synthesis
  8. General Register Statistics
  9. Multiplexer Restructuring Statistics (Restructuring Performed)
 10. Analysis & Synthesis Messages



----------------
; Legal Notice ;
----------------
Copyright (C) 1991-2009 Altera Corporation
Your use of Altera Corporation's design tools, logic functions 
and other software and tools, and its AMPP partner logic 
functions, and any output files from any of the foregoing 
(including device programming or simulation files), and any 
associated documentation or information are expressly subject 
to the terms and conditions of the Altera Program License 
Subscription Agreement, Altera MegaCore Function License 
Agreement, or other applicable license agreement, including, 
without limitation, that your use is for the sole purpose of 
programming logic devices manufactured by Altera and sold by 
Altera or its authorized distributors.  Please refer to the 
applicable agreement for further details.



+-----------------------------------------------------------------------------------+
; Analysis & Synthesis Summary                                                      ;
+------------------------------------+----------------------------------------------+
; Analysis & Synthesis Status        ; Successful - Mon Sep 28 11:02:34 2020        ;
; Quartus II Version                 ; 9.0 Build 235 06/17/2009 SP 2 SJ Web Edition ;
; Revision Name                      ; anemometre                                   ;
; Top-level Entity Name              ; anemometre                                   ;
; Family                             ; Cyclone II                                   ;
; Total logic elements               ; 103                                          ;
;     Total combinational functions  ; 87                                           ;
;     Dedicated logic registers      ; 62                                           ;
; Total registers                    ; 62                                           ;
; Total pins                         ; 14                                           ;
; Total virtual pins                 ; 0                                            ;
; Total memory bits                  ; 0                                            ;
; Embedded Multiplier 9-bit elements ; 0                                            ;
; Total PLLs                         ; 0                                            ;
+------------------------------------+----------------------------------------------+


+--------------------------------------------------------------------------------------------------------+
; Analysis & Synthesis Settings                                                                          ;
+--------------------------------------------------------------+--------------------+--------------------+
; Option                                                       ; Setting            ; Default Value      ;
+--------------------------------------------------------------+--------------------+--------------------+
; Device                                                       ; EP2C35F672C6       ;                    ;
; Top-level entity name                                        ; anemometre         ; anemometre         ;
; Family name                                                  ; Cyclone II         ; Stratix II         ;
; Use Generated Physical Constraints File                      ; Off                ;                    ;
; Use smart compilation                                        ; Off                ; Off                ;
; Restructure Multiplexers                                     ; Auto               ; Auto               ;
; Create Debugging Nodes for IP Cores                          ; Off                ; Off                ;
; Preserve fewer node names                                    ; On                 ; On                 ;
; Disable OpenCore Plus hardware evaluation                    ; Off                ; Off                ;
; Verilog Version                                              ; Verilog_2001       ; Verilog_2001       ;
; VHDL Version                                                 ; VHDL93             ; VHDL93             ;
; State Machine Processing                                     ; Auto               ; Auto               ;
; Safe State Machine                                           ; Off                ; Off                ;
; Extract Verilog State Machines                               ; On                 ; On                 ;
; Extract VHDL State Machines                                  ; On                 ; On                 ;
; Ignore Verilog initial constructs                            ; Off                ; Off                ;
; Iteration limit for constant Verilog loops                   ; 5000               ; 5000               ;
; Iteration limit for non-constant Verilog loops               ; 250                ; 250                ;
; Add Pass-Through Logic to Inferred RAMs                      ; On                 ; On                 ;
; Parallel Synthesis                                           ; Off                ; Off                ;
; DSP Block Balancing                                          ; Auto               ; Auto               ;
; NOT Gate Push-Back                                           ; On                 ; On                 ;
; Power-Up Don't Care                                          ; On                 ; On                 ;
; Remove Redundant Logic Cells                                 ; Off                ; Off                ;
; Remove Duplicate Registers                                   ; On                 ; On                 ;
; Ignore CARRY Buffers                                         ; Off                ; Off                ;
; Ignore CASCADE Buffers                                       ; Off                ; Off                ;
; Ignore GLOBAL Buffers                                        ; Off                ; Off                ;
; Ignore ROW GLOBAL Buffers                                    ; Off                ; Off                ;
; Ignore LCELL Buffers                                         ; Off                ; Off                ;
; Ignore SOFT Buffers                                          ; On                 ; On                 ;
; Limit AHDL Integers to 32 Bits                               ; Off                ; Off                ;
; Optimization Technique                                       ; Balanced           ; Balanced           ;
; Carry Chain Length                                           ; 70                 ; 70                 ;
; Auto Carry Chains                                            ; On                 ; On                 ;
; Auto Open-Drain Pins                                         ; On                 ; On                 ;
; Perform WYSIWYG Primitive Resynthesis                        ; Off                ; Off                ;
; Auto ROM Replacement                                         ; On                 ; On                 ;
; Auto RAM Replacement                                         ; On                 ; On                 ;
; Auto Shift Register Replacement                              ; Auto               ; Auto               ;
; Auto Clock Enable Replacement                                ; On                 ; On                 ;
; Strict RAM Replacement                                       ; Off                ; Off                ;
; Allow Synchronous Control Signals                            ; On                 ; On                 ;
; Force Use of Synchronous Clear Signals                       ; Off                ; Off                ;
; Auto RAM to Logic Cell Conversion                            ; Off                ; Off                ;
; Auto Resource Sharing                                        ; Off                ; Off                ;
; Allow Any RAM Size For Recognition                           ; Off                ; Off                ;
; Allow Any ROM Size For Recognition                           ; Off                ; Off                ;
; Allow Any Shift Register Size For Recognition                ; Off                ; Off                ;
; Use LogicLock Constraints during Resource Balancing          ; On                 ; On                 ;
; Ignore translate_off and synthesis_off directives            ; Off                ; Off                ;
; Timing-Driven Synthesis                                      ; Off                ; Off                ;
; Show Parameter Settings Tables in Synthesis Report           ; On                 ; On                 ;
; Ignore Maximum Fan-Out Assignments                           ; Off                ; Off                ;
; Synchronization Register Chain Length                        ; 2                  ; 2                  ;
; PowerPlay Power Optimization                                 ; Normal compilation ; Normal compilation ;
; HDL message level                                            ; Level2             ; Level2             ;
; Suppress Register Optimization Related Messages              ; Off                ; Off                ;
; Number of Removed Registers Reported in Synthesis Report     ; 100                ; 100                ;
; Number of Inverted Registers Reported in Synthesis Report    ; 100                ; 100                ;
; Clock MUX Protection                                         ; On                 ; On                 ;
; Auto Gated Clock Conversion                                  ; Off                ; Off                ;
; Block Design Naming                                          ; Auto               ; Auto               ;
; SDC constraint protection                                    ; Off                ; Off                ;
; Synthesis Effort                                             ; Auto               ; Auto               ;
; Shift Register Replacement - Allow Asynchronous Clear Signal ; On                 ; On                 ;
; Analysis & Synthesis Message Level                           ; Medium             ; Medium             ;
+--------------------------------------------------------------+--------------------+--------------------+


+------------------------------------------------------------------------------------------------------------------------------------+
; Analysis & Synthesis Source Files Read                                                                                             ;
+----------------------------------+-----------------+-----------------+-------------------------------------------------------------+
; File Name with User-Entered Path ; Used in Netlist ; File Type       ; File Name with Absolute Path                                ;
+----------------------------------+-----------------+-----------------+-------------------------------------------------------------+
; anemometre.vhd                   ; yes             ; User VHDL File  ; C:/Users/Etudiant/Desktop/projet/anemometre/anemometre.vhd  ;
; prediv_1000.vhd                  ; yes             ; User VHDL File  ; C:/Users/Etudiant/Desktop/projet/anemometre/prediv_1000.vhd ;
; Conversion.vhd                   ; yes             ; User VHDL File  ; C:/Users/Etudiant/Desktop/projet/anemometre/Conversion.vhd  ;
; prediv_1s.vhd                    ; yes             ; User VHDL File  ; C:/Users/Etudiant/Desktop/projet/anemometre/prediv_1s.vhd   ;
; cmd.vhd                          ; yes             ; User VHDL File  ; C:/Users/Etudiant/Desktop/projet/anemometre/cmd.vhd         ;
+----------------------------------+-----------------+-----------------+-------------------------------------------------------------+


+-----------------------------------------------------+
; Analysis & Synthesis Resource Usage Summary         ;
+---------------------------------------------+-------+
; Resource                                    ; Usage ;
+---------------------------------------------+-------+
; Estimated Total logic elements              ; 103   ;
;                                             ;       ;
; Total combinational functions               ; 87    ;
; Logic element usage by number of LUT inputs ;       ;
;     -- 4 input functions                    ; 18    ;
;     -- 3 input functions                    ; 2     ;
;     -- <=2 input functions                  ; 67    ;
;                                             ;       ;
; Logic elements by mode                      ;       ;
;     -- normal mode                          ; 47    ;
;     -- arithmetic mode                      ; 40    ;
;                                             ;       ;
; Total registers                             ; 62    ;
;     -- Dedicated logic registers            ; 62    ;
;     -- I/O registers                        ; 0     ;
;                                             ;       ;
; I/O pins                                    ; 14    ;
; Maximum fan-out node                        ; raz_n ;
; Maximum fan-out                             ; 58    ;
; Total fan-out                               ; 419   ;
; Average fan-out                             ; 2.57  ;
+---------------------------------------------+-------+


+------------------------------------------------------------------------------------------------------------------------------------------------------------------------------------+
; Analysis & Synthesis Resource Utilization by Entity                                                                                                                                ;
+----------------------------+-------------------+--------------+-------------+--------------+---------+-----------+------+--------------+----------------------------+--------------+
; Compilation Hierarchy Node ; LC Combinationals ; LC Registers ; Memory Bits ; DSP Elements ; DSP 9x9 ; DSP 18x18 ; Pins ; Virtual Pins ; Full Hierarchy Name        ; Library Name ;
+----------------------------+-------------------+--------------+-------------+--------------+---------+-----------+------+--------------+----------------------------+--------------+
; |anemometre                ; 87 (0)            ; 62 (0)       ; 0           ; 0            ; 0       ; 0         ; 14   ; 0            ; |anemometre                ; work         ;
;    |Conversion:C2|         ; 18 (18)           ; 24 (24)      ; 0           ; 0            ; 0       ; 0         ; 0    ; 0            ; |anemometre|Conversion:C2  ; work         ;
;    |cmd:C4|                ; 17 (17)           ; 8 (8)        ; 0           ; 0            ; 0       ; 0         ; 0    ; 0            ; |anemometre|cmd:C4         ; work         ;
;    |prediv_1000:C1|        ; 42 (42)           ; 1 (1)        ; 0           ; 0            ; 0       ; 0         ; 0    ; 0            ; |anemometre|prediv_1000:C1 ; work         ;
;    |prediv_1s:C3|          ; 10 (10)           ; 29 (29)      ; 0           ; 0            ; 0       ; 0         ; 0    ; 0            ; |anemometre|prediv_1s:C3   ; work         ;
+----------------------------+-------------------+--------------+-------------+--------------+---------+-----------+------+--------------+----------------------------+--------------+
Note: For table entries with two numbers listed, the numbers in parentheses indicate the number of resources of the given type used by the specific entity alone. The numbers listed outside of parentheses indicate the total resources of the given type used by the specific entity and all of its sub-entities in the hierarchy.


+---------------------------------------------------------------------------+
; Registers Removed During Synthesis                                        ;
+----------------------------------------+----------------------------------+
; Register name                          ; Reason for Removal               ;
+----------------------------------------+----------------------------------+
; prediv_1000:C1|cpt[0]                  ; Merged with prediv_1s:C3|cpt[0]  ;
; prediv_1000:C1|cpt[27]                 ; Merged with prediv_1s:C3|cpt[27] ;
; prediv_1000:C1|cpt[26]                 ; Merged with prediv_1s:C3|cpt[26] ;
; prediv_1000:C1|cpt[25]                 ; Merged with prediv_1s:C3|cpt[25] ;
; prediv_1000:C1|cpt[24]                 ; Merged with prediv_1s:C3|cpt[24] ;
; prediv_1000:C1|cpt[23]                 ; Merged with prediv_1s:C3|cpt[23] ;
; prediv_1000:C1|cpt[22]                 ; Merged with prediv_1s:C3|cpt[22] ;
; prediv_1000:C1|cpt[21]                 ; Merged with prediv_1s:C3|cpt[21] ;
; prediv_1000:C1|cpt[20]                 ; Merged with prediv_1s:C3|cpt[20] ;
; prediv_1000:C1|cpt[19]                 ; Merged with prediv_1s:C3|cpt[19] ;
; prediv_1000:C1|cpt[18]                 ; Merged with prediv_1s:C3|cpt[18] ;
; prediv_1000:C1|cpt[17]                 ; Merged with prediv_1s:C3|cpt[17] ;
; prediv_1000:C1|cpt[16]                 ; Merged with prediv_1s:C3|cpt[16] ;
; prediv_1000:C1|cpt[15]                 ; Merged with prediv_1s:C3|cpt[15] ;
; prediv_1000:C1|cpt[14]                 ; Merged with prediv_1s:C3|cpt[14] ;
; prediv_1000:C1|cpt[13]                 ; Merged with prediv_1s:C3|cpt[13] ;
; prediv_1000:C1|cpt[12]                 ; Merged with prediv_1s:C3|cpt[12] ;
; prediv_1000:C1|cpt[11]                 ; Merged with prediv_1s:C3|cpt[11] ;
; prediv_1000:C1|cpt[10]                 ; Merged with prediv_1s:C3|cpt[10] ;
; prediv_1000:C1|cpt[9]                  ; Merged with prediv_1s:C3|cpt[9]  ;
; prediv_1000:C1|cpt[8]                  ; Merged with prediv_1s:C3|cpt[8]  ;
; prediv_1000:C1|cpt[7]                  ; Merged with prediv_1s:C3|cpt[7]  ;
; prediv_1000:C1|cpt[6]                  ; Merged with prediv_1s:C3|cpt[6]  ;
; prediv_1000:C1|cpt[5]                  ; Merged with prediv_1s:C3|cpt[5]  ;
; prediv_1000:C1|cpt[4]                  ; Merged with prediv_1s:C3|cpt[4]  ;
; prediv_1000:C1|cpt[3]                  ; Merged with prediv_1s:C3|cpt[3]  ;
; prediv_1000:C1|cpt[2]                  ; Merged with prediv_1s:C3|cpt[2]  ;
; prediv_1000:C1|cpt[1]                  ; Merged with prediv_1s:C3|cpt[1]  ;
; Total Number of Removed Registers = 28 ;                                  ;
+----------------------------------------+----------------------------------+


+------------------------------------------------------+
; General Register Statistics                          ;
+----------------------------------------------+-------+
; Statistic                                    ; Value ;
+----------------------------------------------+-------+
; Total registers                              ; 62    ;
; Number of registers using Synchronous Clear  ; 8     ;
; Number of registers using Synchronous Load   ; 0     ;
; Number of registers using Asynchronous Clear ; 46    ;
; Number of registers using Asynchronous Load  ; 0     ;
; Number of registers using Clock Enable       ; 25    ;
; Number of registers using Preset             ; 0     ;
+----------------------------------------------+-------+


+----------------------------------------------------------------------------------------------------------------------------------------------+
; Multiplexer Restructuring Statistics (Restructuring Performed)                                                                               ;
+--------------------+-----------+---------------+----------------------+------------------------+------------+--------------------------------+
; Multiplexer Inputs ; Bus Width ; Baseline Area ; Area if Restructured ; Saving if Restructured ; Registered ; Example Multiplexer Output     ;
+--------------------+-----------+---------------+----------------------+------------------------+------------+--------------------------------+
; 4:1                ; 8 bits    ; 16 LEs        ; 16 LEs               ; 0 LEs                  ; No         ; |anemometre|cmd:C4|data_out[1] ;
+--------------------+-----------+---------------+----------------------+------------------------+------------+--------------------------------+


+-------------------------------+
; Analysis & Synthesis Messages ;
+-------------------------------+
Info: *******************************************************************
Info: Running Quartus II Analysis & Synthesis
    Info: Version 9.0 Build 235 06/17/2009 Service Pack 2 SJ Web Edition
    Info: Processing started: Mon Sep 28 11:02:33 2020
Info: Command: quartus_map --read_settings_files=on --write_settings_files=off anemometre -c anemometre
Info: Found 2 design units, including 1 entities, in source file anemometre.vhd
    Info: Found design unit 1: anemometre-ar
    Info: Found entity 1: anemometre
Info: Found 2 design units, including 1 entities, in source file prediv_1000.vhd
    Info: Found design unit 1: prediv_1s-ar
    Info: Found entity 1: prediv_1s
Info: Found 2 design units, including 1 entities, in source file Conversion.vhd
    Info: Found design unit 1: Conversion-ar
    Info: Found entity 1: Conversion
Info: Found 2 design units, including 1 entities, in source file prediv_1s.vhd
    Info: Found design unit 1: prediv_1000-ar
    Info: Found entity 1: prediv_1000
Info: Found 2 design units, including 1 entities, in source file cmd.vhd
    Info: Found design unit 1: cmd-ar
    Info: Found entity 1: cmd
Info: Elaborating entity "anemometre" for the top level hierarchy
Info: Elaborating entity "prediv_1000" for hierarchy "prediv_1000:C1"
Info: Elaborating entity "Conversion" for hierarchy "Conversion:C2"
Info: Elaborating entity "prediv_1s" for hierarchy "prediv_1s:C3"
Info: Elaborating entity "cmd" for hierarchy "cmd:C4"
Info: Implemented 117 device resources after synthesis - the final resource count might be different
    Info: Implemented 5 input pins
    Info: Implemented 9 output pins
    Info: Implemented 103 logic cells
Info: Quartus II Analysis & Synthesis was successful. 0 errors, 0 warnings
    Info: Peak virtual memory: 234 megabytes
    Info: Processing ended: Mon Sep 28 11:02:34 2020
    Info: Elapsed time: 00:00:01
    Info: Total CPU time (on all processors): 00:00:01


