Classic Timing Analyzer report for compteur_7seg
Mon Sep 07 08:45:33 2020
Quartus II Version 9.0 Build 235 06/17/2009 Service Pack 2 SJ Web Edition


---------------------
; Table of Contents ;
---------------------
  1. Legal Notice
  2. Timing Analyzer Summary
  3. Timing Analyzer Settings
  4. Clock Settings Summary
  5. Parallel Compilation
  6. Clock Setup: 'clk'
  7. tco
  8. Timing Analyzer Messages



----------------
; Legal Notice ;
----------------
Copyright (C) 1991-2009 Altera Corporation
Your use of Altera Corporation's design tools, logic functions 
and other software and tools, and its AMPP partner logic 
functions, and any output files from any of the foregoing 
(including device programming or simulation files), and any 
associated documentation or information are expressly subject 
to the terms and conditions of the Altera Program License 
Subscription Agreement, Altera MegaCore Function License 
Agreement, or other applicable license agreement, including, 
without limitation, that your use is for the sole purpose of 
programming logic devices manufactured by Altera and sold by 
Altera or its authorized distributors.  Please refer to the 
applicable agreement for further details.



+----------------------------------------------------------------------------------------------------------------------------------------------------------------------------+
; Timing Analyzer Summary                                                                                                                                                    ;
+------------------------------+-------+---------------+----------------------------------+---------------------+---------------------+------------+----------+--------------+
; Type                         ; Slack ; Required Time ; Actual Time                      ; From                ; To                  ; From Clock ; To Clock ; Failed Paths ;
+------------------------------+-------+---------------+----------------------------------+---------------------+---------------------+------------+----------+--------------+
; Worst-case tco               ; N/A   ; None          ; 10.878 ns                        ; cpt_bcd:C2|cpt[2]   ; seg[0]              ; clk        ; --       ; 0            ;
; Clock Setup: 'clk'           ; N/A   ; None          ; 239.35 MHz ( period = 4.178 ns ) ; diviseur:C1|cpt[13] ; diviseur:C1|cpt[20] ; clk        ; clk      ; 0            ;
; Total number of failed paths ;       ;               ;                                  ;                     ;                     ;            ;          ; 0            ;
+------------------------------+-------+---------------+----------------------------------+---------------------+---------------------+------------+----------+--------------+


+--------------------------------------------------------------------------------------------------------------------+
; Timing Analyzer Settings                                                                                           ;
+---------------------------------------------------------------------+--------------------+------+----+-------------+
; Option                                                              ; Setting            ; From ; To ; Entity Name ;
+---------------------------------------------------------------------+--------------------+------+----+-------------+
; Device Name                                                         ; EP2C35F672C6       ;      ;    ;             ;
; Timing Models                                                       ; Final              ;      ;    ;             ;
; Default hold multicycle                                             ; Same as Multicycle ;      ;    ;             ;
; Cut paths between unrelated clock domains                           ; On                 ;      ;    ;             ;
; Cut off read during write signal paths                              ; On                 ;      ;    ;             ;
; Cut off feedback from I/O pins                                      ; On                 ;      ;    ;             ;
; Report Combined Fast/Slow Timing                                    ; Off                ;      ;    ;             ;
; Ignore Clock Settings                                               ; Off                ;      ;    ;             ;
; Analyze latches as synchronous elements                             ; On                 ;      ;    ;             ;
; Enable Recovery/Removal analysis                                    ; Off                ;      ;    ;             ;
; Enable Clock Latency                                                ; Off                ;      ;    ;             ;
; Use TimeQuest Timing Analyzer                                       ; Off                ;      ;    ;             ;
; Minimum Core Junction Temperature                                   ; 0                  ;      ;    ;             ;
; Maximum Core Junction Temperature                                   ; 85                 ;      ;    ;             ;
; Number of source nodes to report per destination node               ; 10                 ;      ;    ;             ;
; Number of destination nodes to report                               ; 10                 ;      ;    ;             ;
; Number of paths to report                                           ; 200                ;      ;    ;             ;
; Report Minimum Timing Checks                                        ; Off                ;      ;    ;             ;
; Use Fast Timing Models                                              ; Off                ;      ;    ;             ;
; Report IO Paths Separately                                          ; Off                ;      ;    ;             ;
; Perform Multicorner Analysis                                        ; On                 ;      ;    ;             ;
; Reports the worst-case path for each clock domain and analysis      ; Off                ;      ;    ;             ;
; Removes common clock path pessimism (CCPP) during slack computation ; Off                ;      ;    ;             ;
; Output I/O Timing Endpoint                                          ; Near End           ;      ;    ;             ;
+---------------------------------------------------------------------+--------------------+------+----+-------------+


+------------------------------------------------------------------------------------------------------------------------------------------------------------------------------------+
; Clock Settings Summary                                                                                                                                                             ;
+-----------------+--------------------+----------+------------------+---------------+--------------+----------+-----------------------+---------------------+--------+--------------+
; Clock Node Name ; Clock Setting Name ; Type     ; Fmax Requirement ; Early Latency ; Late Latency ; Based on ; Multiply Base Fmax by ; Divide Base Fmax by ; Offset ; Phase offset ;
+-----------------+--------------------+----------+------------------+---------------+--------------+----------+-----------------------+---------------------+--------+--------------+
; clk             ;                    ; User Pin ; None             ; 0.000 ns      ; 0.000 ns     ; --       ; N/A                   ; N/A                 ; N/A    ;              ;
+-----------------+--------------------+----------+------------------+---------------+--------------+----------+-----------------------+---------------------+--------+--------------+


Parallel compilation was disabled, but you have multiple processors available. Enable parallel compilation to reduce compilation time.
+-------------------------------------+
; Parallel Compilation                ;
+----------------------------+--------+
; Processors                 ; Number ;
+----------------------------+--------+
; Number detected on machine ; 4      ;
; Maximum allowed            ; 1      ;
+----------------------------+--------+


+-------------------------------------------------------------------------------------------------------------------------------------------------------------------------------------------------------------------------------------------------------+
; Clock Setup: 'clk'                                                                                                                                                                                                                                    ;
+-----------------------------------------+-----------------------------------------------------+---------------------+---------------------+------------+----------+-----------------------------+---------------------------+-------------------------+
; Slack                                   ; Actual fmax (period)                                ; From                ; To                  ; From Clock ; To Clock ; Required Setup Relationship ; Required Longest P2P Time ; Actual Longest P2P Time ;
+-----------------------------------------+-----------------------------------------------------+---------------------+---------------------+------------+----------+-----------------------------+---------------------------+-------------------------+
; N/A                                     ; 239.35 MHz ( period = 4.178 ns )                    ; diviseur:C1|cpt[13] ; diviseur:C1|cpt[21] ; clk        ; clk      ; None                        ; None                      ; 3.964 ns                ;
; N/A                                     ; 239.35 MHz ( period = 4.178 ns )                    ; diviseur:C1|cpt[13] ; diviseur:C1|cpt[20] ; clk        ; clk      ; None                        ; None                      ; 3.964 ns                ;
; N/A                                     ; 245.10 MHz ( period = 4.080 ns )                    ; diviseur:C1|cpt[13] ; diviseur:C1|clk_sig ; clk        ; clk      ; None                        ; None                      ; 3.738 ns                ;
; N/A                                     ; 250.19 MHz ( period = 3.997 ns )                    ; diviseur:C1|cpt[22] ; diviseur:C1|cpt[21] ; clk        ; clk      ; None                        ; None                      ; 3.784 ns                ;
; N/A                                     ; 250.19 MHz ( period = 3.997 ns )                    ; diviseur:C1|cpt[22] ; diviseur:C1|cpt[20] ; clk        ; clk      ; None                        ; None                      ; 3.784 ns                ;
; N/A                                     ; 252.40 MHz ( period = 3.962 ns )                    ; diviseur:C1|cpt[13] ; diviseur:C1|cpt[13] ; clk        ; clk      ; None                        ; None                      ; 3.748 ns                ;
; N/A                                     ; 252.46 MHz ( period = 3.961 ns )                    ; diviseur:C1|cpt[13] ; diviseur:C1|cpt[12] ; clk        ; clk      ; None                        ; None                      ; 3.747 ns                ;
; N/A                                     ; 252.53 MHz ( period = 3.960 ns )                    ; diviseur:C1|cpt[13] ; diviseur:C1|cpt[11] ; clk        ; clk      ; None                        ; None                      ; 3.746 ns                ;
; N/A                                     ; 252.53 MHz ( period = 3.960 ns )                    ; diviseur:C1|cpt[13] ; diviseur:C1|cpt[18] ; clk        ; clk      ; None                        ; None                      ; 3.746 ns                ;
; N/A                                     ; 252.59 MHz ( period = 3.959 ns )                    ; diviseur:C1|cpt[13] ; diviseur:C1|cpt[16] ; clk        ; clk      ; None                        ; None                      ; 3.745 ns                ;
; N/A                                     ; 252.65 MHz ( period = 3.958 ns )                    ; diviseur:C1|cpt[24] ; diviseur:C1|cpt[21] ; clk        ; clk      ; None                        ; None                      ; 3.745 ns                ;
; N/A                                     ; 252.65 MHz ( period = 3.958 ns )                    ; diviseur:C1|cpt[24] ; diviseur:C1|cpt[20] ; clk        ; clk      ; None                        ; None                      ; 3.745 ns                ;
; N/A                                     ; 252.91 MHz ( period = 3.954 ns )                    ; diviseur:C1|cpt[13] ; diviseur:C1|cpt[19] ; clk        ; clk      ; None                        ; None                      ; 3.740 ns                ;
; N/A                                     ; 253.04 MHz ( period = 3.952 ns )                    ; diviseur:C1|cpt[13] ; diviseur:C1|cpt[14] ; clk        ; clk      ; None                        ; None                      ; 3.738 ns                ;
; N/A                                     ; 256.34 MHz ( period = 3.901 ns )                    ; diviseur:C1|cpt[0]  ; diviseur:C1|cpt[21] ; clk        ; clk      ; None                        ; None                      ; 3.685 ns                ;
; N/A                                     ; 256.34 MHz ( period = 3.901 ns )                    ; diviseur:C1|cpt[0]  ; diviseur:C1|cpt[20] ; clk        ; clk      ; None                        ; None                      ; 3.685 ns                ;
; N/A                                     ; 256.48 MHz ( period = 3.899 ns )                    ; diviseur:C1|cpt[22] ; diviseur:C1|clk_sig ; clk        ; clk      ; None                        ; None                      ; 3.558 ns                ;
; N/A                                     ; 258.06 MHz ( period = 3.875 ns )                    ; diviseur:C1|cpt[27] ; diviseur:C1|cpt[21] ; clk        ; clk      ; None                        ; None                      ; 3.662 ns                ;
; N/A                                     ; 258.06 MHz ( period = 3.875 ns )                    ; diviseur:C1|cpt[27] ; diviseur:C1|cpt[20] ; clk        ; clk      ; None                        ; None                      ; 3.662 ns                ;
; N/A                                     ; 258.73 MHz ( period = 3.865 ns )                    ; diviseur:C1|cpt[13] ; diviseur:C1|cpt[22] ; clk        ; clk      ; None                        ; None                      ; 3.650 ns                ;
; N/A                                     ; 258.73 MHz ( period = 3.865 ns )                    ; diviseur:C1|cpt[13] ; diviseur:C1|cpt[24] ; clk        ; clk      ; None                        ; None                      ; 3.650 ns                ;
; N/A                                     ; 259.07 MHz ( period = 3.860 ns )                    ; diviseur:C1|cpt[24] ; diviseur:C1|clk_sig ; clk        ; clk      ; None                        ; None                      ; 3.519 ns                ;
; N/A                                     ; 261.23 MHz ( period = 3.828 ns )                    ; diviseur:C1|cpt[0]  ; diviseur:C1|cpt[24] ; clk        ; clk      ; None                        ; None                      ; 3.611 ns                ;
; N/A                                     ; 262.12 MHz ( period = 3.815 ns )                    ; diviseur:C1|cpt[21] ; diviseur:C1|cpt[21] ; clk        ; clk      ; None                        ; None                      ; 3.601 ns                ;
; N/A                                     ; 262.12 MHz ( period = 3.815 ns )                    ; diviseur:C1|cpt[21] ; diviseur:C1|cpt[20] ; clk        ; clk      ; None                        ; None                      ; 3.601 ns                ;
; N/A                                     ; 262.95 MHz ( period = 3.803 ns )                    ; diviseur:C1|cpt[0]  ; diviseur:C1|clk_sig ; clk        ; clk      ; None                        ; None                      ; 3.459 ns                ;
; N/A                                     ; 263.09 MHz ( period = 3.801 ns )                    ; diviseur:C1|cpt[1]  ; diviseur:C1|cpt[24] ; clk        ; clk      ; None                        ; None                      ; 3.584 ns                ;
; N/A                                     ; 264.48 MHz ( period = 3.781 ns )                    ; diviseur:C1|cpt[22] ; diviseur:C1|cpt[13] ; clk        ; clk      ; None                        ; None                      ; 3.568 ns                ;
; N/A                                     ; 264.55 MHz ( period = 3.780 ns )                    ; diviseur:C1|cpt[22] ; diviseur:C1|cpt[12] ; clk        ; clk      ; None                        ; None                      ; 3.567 ns                ;
; N/A                                     ; 264.62 MHz ( period = 3.779 ns )                    ; diviseur:C1|cpt[22] ; diviseur:C1|cpt[11] ; clk        ; clk      ; None                        ; None                      ; 3.566 ns                ;
; N/A                                     ; 264.62 MHz ( period = 3.779 ns )                    ; diviseur:C1|cpt[22] ; diviseur:C1|cpt[18] ; clk        ; clk      ; None                        ; None                      ; 3.566 ns                ;
; N/A                                     ; 264.69 MHz ( period = 3.778 ns )                    ; diviseur:C1|cpt[22] ; diviseur:C1|cpt[16] ; clk        ; clk      ; None                        ; None                      ; 3.565 ns                ;
; N/A                                     ; 264.76 MHz ( period = 3.777 ns )                    ; diviseur:C1|cpt[27] ; diviseur:C1|clk_sig ; clk        ; clk      ; None                        ; None                      ; 3.436 ns                ;
; N/A                                     ; 265.04 MHz ( period = 3.773 ns )                    ; diviseur:C1|cpt[22] ; diviseur:C1|cpt[19] ; clk        ; clk      ; None                        ; None                      ; 3.560 ns                ;
; N/A                                     ; 265.18 MHz ( period = 3.771 ns )                    ; diviseur:C1|cpt[22] ; diviseur:C1|cpt[14] ; clk        ; clk      ; None                        ; None                      ; 3.558 ns                ;
; N/A                                     ; 266.52 MHz ( period = 3.752 ns )                    ; diviseur:C1|cpt[9]  ; diviseur:C1|cpt[21] ; clk        ; clk      ; None                        ; None                      ; 3.536 ns                ;
; N/A                                     ; 266.52 MHz ( period = 3.752 ns )                    ; diviseur:C1|cpt[9]  ; diviseur:C1|cpt[20] ; clk        ; clk      ; None                        ; None                      ; 3.536 ns                ;
; N/A                                     ; 266.74 MHz ( period = 3.749 ns )                    ; diviseur:C1|cpt[0]  ; diviseur:C1|cpt[19] ; clk        ; clk      ; None                        ; None                      ; 3.533 ns                ;
; N/A                                     ; 266.81 MHz ( period = 3.748 ns )                    ; diviseur:C1|cpt[26] ; diviseur:C1|cpt[21] ; clk        ; clk      ; None                        ; None                      ; 3.535 ns                ;
; N/A                                     ; 266.81 MHz ( period = 3.748 ns )                    ; diviseur:C1|cpt[26] ; diviseur:C1|cpt[20] ; clk        ; clk      ; None                        ; None                      ; 3.535 ns                ;
; N/A                                     ; 267.09 MHz ( period = 3.744 ns )                    ; diviseur:C1|cpt[14] ; diviseur:C1|cpt[21] ; clk        ; clk      ; None                        ; None                      ; 3.530 ns                ;
; N/A                                     ; 267.09 MHz ( period = 3.744 ns )                    ; diviseur:C1|cpt[14] ; diviseur:C1|cpt[20] ; clk        ; clk      ; None                        ; None                      ; 3.530 ns                ;
; N/A                                     ; 267.24 MHz ( period = 3.742 ns )                    ; diviseur:C1|cpt[24] ; diviseur:C1|cpt[13] ; clk        ; clk      ; None                        ; None                      ; 3.529 ns                ;
; N/A                                     ; 267.31 MHz ( period = 3.741 ns )                    ; diviseur:C1|cpt[24] ; diviseur:C1|cpt[12] ; clk        ; clk      ; None                        ; None                      ; 3.528 ns                ;
; N/A                                     ; 267.38 MHz ( period = 3.740 ns )                    ; diviseur:C1|cpt[24] ; diviseur:C1|cpt[11] ; clk        ; clk      ; None                        ; None                      ; 3.527 ns                ;
; N/A                                     ; 267.38 MHz ( period = 3.740 ns )                    ; diviseur:C1|cpt[24] ; diviseur:C1|cpt[18] ; clk        ; clk      ; None                        ; None                      ; 3.527 ns                ;
; N/A                                     ; 267.45 MHz ( period = 3.739 ns )                    ; diviseur:C1|cpt[23] ; diviseur:C1|cpt[21] ; clk        ; clk      ; None                        ; None                      ; 3.526 ns                ;
; N/A                                     ; 267.45 MHz ( period = 3.739 ns )                    ; diviseur:C1|cpt[24] ; diviseur:C1|cpt[16] ; clk        ; clk      ; None                        ; None                      ; 3.526 ns                ;
; N/A                                     ; 267.45 MHz ( period = 3.739 ns )                    ; diviseur:C1|cpt[23] ; diviseur:C1|cpt[20] ; clk        ; clk      ; None                        ; None                      ; 3.526 ns                ;
; N/A                                     ; 267.81 MHz ( period = 3.734 ns )                    ; diviseur:C1|cpt[24] ; diviseur:C1|cpt[19] ; clk        ; clk      ; None                        ; None                      ; 3.521 ns                ;
; N/A                                     ; 267.95 MHz ( period = 3.732 ns )                    ; diviseur:C1|cpt[24] ; diviseur:C1|cpt[14] ; clk        ; clk      ; None                        ; None                      ; 3.519 ns                ;
; N/A                                     ; 268.67 MHz ( period = 3.722 ns )                    ; diviseur:C1|cpt[1]  ; diviseur:C1|cpt[19] ; clk        ; clk      ; None                        ; None                      ; 3.506 ns                ;
; N/A                                     ; 269.03 MHz ( period = 3.717 ns )                    ; diviseur:C1|cpt[21] ; diviseur:C1|clk_sig ; clk        ; clk      ; None                        ; None                      ; 3.375 ns                ;
; N/A                                     ; 270.64 MHz ( period = 3.695 ns )                    ; diviseur:C1|cpt[2]  ; diviseur:C1|cpt[24] ; clk        ; clk      ; None                        ; None                      ; 3.478 ns                ;
; N/A                                     ; 271.22 MHz ( period = 3.687 ns )                    ; diviseur:C1|cpt[0]  ; diviseur:C1|cpt[22] ; clk        ; clk      ; None                        ; None                      ; 3.470 ns                ;
; N/A                                     ; 271.37 MHz ( period = 3.685 ns )                    ; diviseur:C1|cpt[0]  ; diviseur:C1|cpt[13] ; clk        ; clk      ; None                        ; None                      ; 3.469 ns                ;
; N/A                                     ; 271.44 MHz ( period = 3.684 ns )                    ; diviseur:C1|cpt[0]  ; diviseur:C1|cpt[12] ; clk        ; clk      ; None                        ; None                      ; 3.468 ns                ;
; N/A                                     ; 271.44 MHz ( period = 3.684 ns )                    ; diviseur:C1|cpt[22] ; diviseur:C1|cpt[22] ; clk        ; clk      ; None                        ; None                      ; 3.470 ns                ;
; N/A                                     ; 271.44 MHz ( period = 3.684 ns )                    ; diviseur:C1|cpt[22] ; diviseur:C1|cpt[24] ; clk        ; clk      ; None                        ; None                      ; 3.470 ns                ;
; N/A                                     ; 271.52 MHz ( period = 3.683 ns )                    ; diviseur:C1|cpt[0]  ; diviseur:C1|cpt[11] ; clk        ; clk      ; None                        ; None                      ; 3.467 ns                ;
; N/A                                     ; 271.52 MHz ( period = 3.683 ns )                    ; diviseur:C1|cpt[0]  ; diviseur:C1|cpt[18] ; clk        ; clk      ; None                        ; None                      ; 3.467 ns                ;
; N/A                                     ; 271.59 MHz ( period = 3.682 ns )                    ; diviseur:C1|cpt[0]  ; diviseur:C1|cpt[16] ; clk        ; clk      ; None                        ; None                      ; 3.466 ns                ;
; N/A                                     ; 272.11 MHz ( period = 3.675 ns )                    ; diviseur:C1|cpt[0]  ; diviseur:C1|cpt[14] ; clk        ; clk      ; None                        ; None                      ; 3.459 ns                ;
; N/A                                     ; 273.22 MHz ( period = 3.660 ns )                    ; diviseur:C1|cpt[1]  ; diviseur:C1|cpt[22] ; clk        ; clk      ; None                        ; None                      ; 3.443 ns                ;
; N/A                                     ; 273.22 MHz ( period = 3.660 ns )                    ; diviseur:C1|cpt[3]  ; diviseur:C1|cpt[24] ; clk        ; clk      ; None                        ; None                      ; 3.443 ns                ;
; N/A                                     ; 273.22 MHz ( period = 3.660 ns )                    ; diviseur:C1|cpt[17] ; diviseur:C1|cpt[21] ; clk        ; clk      ; None                        ; None                      ; 3.447 ns                ;
; N/A                                     ; 273.22 MHz ( period = 3.660 ns )                    ; diviseur:C1|cpt[17] ; diviseur:C1|cpt[20] ; clk        ; clk      ; None                        ; None                      ; 3.447 ns                ;
; N/A                                     ; 273.30 MHz ( period = 3.659 ns )                    ; diviseur:C1|cpt[27] ; diviseur:C1|cpt[13] ; clk        ; clk      ; None                        ; None                      ; 3.446 ns                ;
; N/A                                     ; 273.37 MHz ( period = 3.658 ns )                    ; diviseur:C1|cpt[27] ; diviseur:C1|cpt[12] ; clk        ; clk      ; None                        ; None                      ; 3.445 ns                ;
; N/A                                     ; 273.45 MHz ( period = 3.657 ns )                    ; diviseur:C1|cpt[27] ; diviseur:C1|cpt[11] ; clk        ; clk      ; None                        ; None                      ; 3.444 ns                ;
; N/A                                     ; 273.45 MHz ( period = 3.657 ns )                    ; diviseur:C1|cpt[15] ; diviseur:C1|cpt[21] ; clk        ; clk      ; None                        ; None                      ; 3.444 ns                ;
; N/A                                     ; 273.45 MHz ( period = 3.657 ns )                    ; diviseur:C1|cpt[15] ; diviseur:C1|cpt[20] ; clk        ; clk      ; None                        ; None                      ; 3.444 ns                ;
; N/A                                     ; 273.45 MHz ( period = 3.657 ns )                    ; diviseur:C1|cpt[27] ; diviseur:C1|cpt[18] ; clk        ; clk      ; None                        ; None                      ; 3.444 ns                ;
; N/A                                     ; 273.52 MHz ( period = 3.656 ns )                    ; diviseur:C1|cpt[27] ; diviseur:C1|cpt[16] ; clk        ; clk      ; None                        ; None                      ; 3.443 ns                ;
; N/A                                     ; 273.67 MHz ( period = 3.654 ns )                    ; diviseur:C1|cpt[10] ; diviseur:C1|cpt[21] ; clk        ; clk      ; None                        ; None                      ; 3.438 ns                ;
; N/A                                     ; 273.67 MHz ( period = 3.654 ns )                    ; diviseur:C1|cpt[10] ; diviseur:C1|cpt[20] ; clk        ; clk      ; None                        ; None                      ; 3.438 ns                ;
; N/A                                     ; 273.67 MHz ( period = 3.654 ns )                    ; diviseur:C1|cpt[9]  ; diviseur:C1|clk_sig ; clk        ; clk      ; None                        ; None                      ; 3.310 ns                ;
; N/A                                     ; 273.90 MHz ( period = 3.651 ns )                    ; diviseur:C1|cpt[27] ; diviseur:C1|cpt[19] ; clk        ; clk      ; None                        ; None                      ; 3.438 ns                ;
; N/A                                     ; 273.97 MHz ( period = 3.650 ns )                    ; diviseur:C1|cpt[26] ; diviseur:C1|clk_sig ; clk        ; clk      ; None                        ; None                      ; 3.309 ns                ;
; N/A                                     ; 274.05 MHz ( period = 3.649 ns )                    ; diviseur:C1|cpt[27] ; diviseur:C1|cpt[14] ; clk        ; clk      ; None                        ; None                      ; 3.436 ns                ;
; N/A                                     ; 274.20 MHz ( period = 3.647 ns )                    ; diviseur:C1|cpt[1]  ; diviseur:C1|cpt[18] ; clk        ; clk      ; None                        ; None                      ; 3.431 ns                ;
; N/A                                     ; 274.27 MHz ( period = 3.646 ns )                    ; diviseur:C1|cpt[14] ; diviseur:C1|clk_sig ; clk        ; clk      ; None                        ; None                      ; 3.304 ns                ;
; N/A                                     ; 274.35 MHz ( period = 3.645 ns )                    ; diviseur:C1|cpt[24] ; diviseur:C1|cpt[22] ; clk        ; clk      ; None                        ; None                      ; 3.431 ns                ;
; N/A                                     ; 274.35 MHz ( period = 3.645 ns )                    ; diviseur:C1|cpt[24] ; diviseur:C1|cpt[24] ; clk        ; clk      ; None                        ; None                      ; 3.431 ns                ;
; N/A                                     ; 274.65 MHz ( period = 3.641 ns )                    ; diviseur:C1|cpt[23] ; diviseur:C1|clk_sig ; clk        ; clk      ; None                        ; None                      ; 3.300 ns                ;
; N/A                                     ; 275.79 MHz ( period = 3.626 ns )                    ; diviseur:C1|cpt[25] ; diviseur:C1|cpt[21] ; clk        ; clk      ; None                        ; None                      ; 3.413 ns                ;
; N/A                                     ; 275.79 MHz ( period = 3.626 ns )                    ; diviseur:C1|cpt[25] ; diviseur:C1|cpt[20] ; clk        ; clk      ; None                        ; None                      ; 3.413 ns                ;
; N/A                                     ; 276.09 MHz ( period = 3.622 ns )                    ; diviseur:C1|cpt[19] ; diviseur:C1|cpt[21] ; clk        ; clk      ; None                        ; None                      ; 3.408 ns                ;
; N/A                                     ; 276.09 MHz ( period = 3.622 ns )                    ; diviseur:C1|cpt[19] ; diviseur:C1|cpt[20] ; clk        ; clk      ; None                        ; None                      ; 3.408 ns                ;
; N/A                                     ; 276.55 MHz ( period = 3.616 ns )                    ; diviseur:C1|cpt[2]  ; diviseur:C1|cpt[19] ; clk        ; clk      ; None                        ; None                      ; 3.400 ns                ;
; N/A                                     ; 277.85 MHz ( period = 3.599 ns )                    ; diviseur:C1|cpt[21] ; diviseur:C1|cpt[13] ; clk        ; clk      ; None                        ; None                      ; 3.385 ns                ;
; N/A                                     ; 277.93 MHz ( period = 3.598 ns )                    ; diviseur:C1|cpt[21] ; diviseur:C1|cpt[12] ; clk        ; clk      ; None                        ; None                      ; 3.384 ns                ;
; N/A                                     ; 277.93 MHz ( period = 3.598 ns )                    ; diviseur:C1|cpt[20] ; diviseur:C1|cpt[21] ; clk        ; clk      ; None                        ; None                      ; 3.384 ns                ;
; N/A                                     ; 277.93 MHz ( period = 3.598 ns )                    ; diviseur:C1|cpt[20] ; diviseur:C1|cpt[20] ; clk        ; clk      ; None                        ; None                      ; 3.384 ns                ;
; N/A                                     ; 278.01 MHz ( period = 3.597 ns )                    ; diviseur:C1|cpt[21] ; diviseur:C1|cpt[11] ; clk        ; clk      ; None                        ; None                      ; 3.383 ns                ;
; N/A                                     ; 278.01 MHz ( period = 3.597 ns )                    ; diviseur:C1|cpt[16] ; diviseur:C1|cpt[21] ; clk        ; clk      ; None                        ; None                      ; 3.383 ns                ;
; N/A                                     ; 278.01 MHz ( period = 3.597 ns )                    ; diviseur:C1|cpt[16] ; diviseur:C1|cpt[20] ; clk        ; clk      ; None                        ; None                      ; 3.383 ns                ;
; N/A                                     ; 278.01 MHz ( period = 3.597 ns )                    ; diviseur:C1|cpt[21] ; diviseur:C1|cpt[18] ; clk        ; clk      ; None                        ; None                      ; 3.383 ns                ;
; N/A                                     ; 278.09 MHz ( period = 3.596 ns )                    ; diviseur:C1|cpt[21] ; diviseur:C1|cpt[16] ; clk        ; clk      ; None                        ; None                      ; 3.382 ns                ;
; N/A                                     ; 278.47 MHz ( period = 3.591 ns )                    ; diviseur:C1|cpt[21] ; diviseur:C1|cpt[19] ; clk        ; clk      ; None                        ; None                      ; 3.377 ns                ;
; N/A                                     ; 278.63 MHz ( period = 3.589 ns )                    ; diviseur:C1|cpt[4]  ; diviseur:C1|cpt[24] ; clk        ; clk      ; None                        ; None                      ; 3.372 ns                ;
; N/A                                     ; 278.63 MHz ( period = 3.589 ns )                    ; diviseur:C1|cpt[21] ; diviseur:C1|cpt[14] ; clk        ; clk      ; None                        ; None                      ; 3.375 ns                ;
; N/A                                     ; 279.25 MHz ( period = 3.581 ns )                    ; diviseur:C1|cpt[3]  ; diviseur:C1|cpt[19] ; clk        ; clk      ; None                        ; None                      ; 3.365 ns                ;
; N/A                                     ; 279.96 MHz ( period = 3.572 ns )                    ; diviseur:C1|cpt[13] ; diviseur:C1|cpt[6]  ; clk        ; clk      ; None                        ; None                      ; 3.361 ns                ;
; N/A                                     ; 280.74 MHz ( period = 3.562 ns )                    ; diviseur:C1|cpt[27] ; diviseur:C1|cpt[22] ; clk        ; clk      ; None                        ; None                      ; 3.348 ns                ;
; N/A                                     ; 280.74 MHz ( period = 3.562 ns )                    ; diviseur:C1|cpt[27] ; diviseur:C1|cpt[24] ; clk        ; clk      ; None                        ; None                      ; 3.348 ns                ;
; N/A                                     ; 280.74 MHz ( period = 3.562 ns )                    ; diviseur:C1|cpt[17] ; diviseur:C1|clk_sig ; clk        ; clk      ; None                        ; None                      ; 3.221 ns                ;
; N/A                                     ; 280.98 MHz ( period = 3.559 ns )                    ; diviseur:C1|cpt[15] ; diviseur:C1|clk_sig ; clk        ; clk      ; None                        ; None                      ; 3.218 ns                ;
; N/A                                     ; 281.21 MHz ( period = 3.556 ns )                    ; diviseur:C1|cpt[1]  ; diviseur:C1|cpt[21] ; clk        ; clk      ; None                        ; None                      ; 3.340 ns                ;
; N/A                                     ; 281.21 MHz ( period = 3.556 ns )                    ; diviseur:C1|cpt[10] ; diviseur:C1|clk_sig ; clk        ; clk      ; None                        ; None                      ; 3.212 ns                ;
; N/A                                     ; 281.37 MHz ( period = 3.554 ns )                    ; diviseur:C1|cpt[2]  ; diviseur:C1|cpt[22] ; clk        ; clk      ; None                        ; None                      ; 3.337 ns                ;
; N/A                                     ; 282.41 MHz ( period = 3.541 ns )                    ; diviseur:C1|cpt[2]  ; diviseur:C1|cpt[18] ; clk        ; clk      ; None                        ; None                      ; 3.325 ns                ;
; N/A                                     ; 282.81 MHz ( period = 3.536 ns )                    ; diviseur:C1|cpt[1]  ; diviseur:C1|cpt[13] ; clk        ; clk      ; None                        ; None                      ; 3.320 ns                ;
; N/A                                     ; 282.81 MHz ( period = 3.536 ns )                    ; diviseur:C1|cpt[9]  ; diviseur:C1|cpt[13] ; clk        ; clk      ; None                        ; None                      ; 3.320 ns                ;
; N/A                                     ; 282.89 MHz ( period = 3.535 ns )                    ; diviseur:C1|cpt[9]  ; diviseur:C1|cpt[12] ; clk        ; clk      ; None                        ; None                      ; 3.319 ns                ;
; N/A                                     ; 282.97 MHz ( period = 3.534 ns )                    ; diviseur:C1|cpt[9]  ; diviseur:C1|cpt[11] ; clk        ; clk      ; None                        ; None                      ; 3.318 ns                ;
; N/A                                     ; 282.97 MHz ( period = 3.534 ns )                    ; diviseur:C1|cpt[9]  ; diviseur:C1|cpt[18] ; clk        ; clk      ; None                        ; None                      ; 3.318 ns                ;
; N/A                                     ; 283.05 MHz ( period = 3.533 ns )                    ; diviseur:C1|cpt[9]  ; diviseur:C1|cpt[16] ; clk        ; clk      ; None                        ; None                      ; 3.317 ns                ;
; N/A                                     ; 283.13 MHz ( period = 3.532 ns )                    ; diviseur:C1|cpt[26] ; diviseur:C1|cpt[13] ; clk        ; clk      ; None                        ; None                      ; 3.319 ns                ;
; N/A                                     ; 283.21 MHz ( period = 3.531 ns )                    ; diviseur:C1|cpt[26] ; diviseur:C1|cpt[12] ; clk        ; clk      ; None                        ; None                      ; 3.318 ns                ;
; N/A                                     ; 283.29 MHz ( period = 3.530 ns )                    ; diviseur:C1|cpt[26] ; diviseur:C1|cpt[11] ; clk        ; clk      ; None                        ; None                      ; 3.317 ns                ;
; N/A                                     ; 283.29 MHz ( period = 3.530 ns )                    ; diviseur:C1|cpt[26] ; diviseur:C1|cpt[18] ; clk        ; clk      ; None                        ; None                      ; 3.317 ns                ;
; N/A                                     ; 283.37 MHz ( period = 3.529 ns )                    ; diviseur:C1|cpt[26] ; diviseur:C1|cpt[16] ; clk        ; clk      ; None                        ; None                      ; 3.316 ns                ;
; N/A                                     ; 283.45 MHz ( period = 3.528 ns )                    ; diviseur:C1|cpt[14] ; diviseur:C1|cpt[13] ; clk        ; clk      ; None                        ; None                      ; 3.314 ns                ;
; N/A                                     ; 283.45 MHz ( period = 3.528 ns )                    ; diviseur:C1|cpt[9]  ; diviseur:C1|cpt[19] ; clk        ; clk      ; None                        ; None                      ; 3.312 ns                ;
; N/A                                     ; 283.45 MHz ( period = 3.528 ns )                    ; diviseur:C1|cpt[25] ; diviseur:C1|clk_sig ; clk        ; clk      ; None                        ; None                      ; 3.187 ns                ;
; N/A                                     ; 283.53 MHz ( period = 3.527 ns )                    ; diviseur:C1|cpt[14] ; diviseur:C1|cpt[12] ; clk        ; clk      ; None                        ; None                      ; 3.313 ns                ;
; N/A                                     ; 283.61 MHz ( period = 3.526 ns )                    ; diviseur:C1|cpt[14] ; diviseur:C1|cpt[11] ; clk        ; clk      ; None                        ; None                      ; 3.312 ns                ;
; N/A                                     ; 283.61 MHz ( period = 3.526 ns )                    ; diviseur:C1|cpt[9]  ; diviseur:C1|cpt[14] ; clk        ; clk      ; None                        ; None                      ; 3.310 ns                ;
; N/A                                     ; 283.61 MHz ( period = 3.526 ns )                    ; diviseur:C1|cpt[14] ; diviseur:C1|cpt[18] ; clk        ; clk      ; None                        ; None                      ; 3.312 ns                ;
; N/A                                     ; 283.69 MHz ( period = 3.525 ns )                    ; diviseur:C1|cpt[14] ; diviseur:C1|cpt[16] ; clk        ; clk      ; None                        ; None                      ; 3.311 ns                ;
; N/A                                     ; 283.77 MHz ( period = 3.524 ns )                    ; diviseur:C1|cpt[26] ; diviseur:C1|cpt[19] ; clk        ; clk      ; None                        ; None                      ; 3.311 ns                ;
; N/A                                     ; 283.77 MHz ( period = 3.524 ns )                    ; diviseur:C1|cpt[19] ; diviseur:C1|clk_sig ; clk        ; clk      ; None                        ; None                      ; 3.182 ns                ;
; N/A                                     ; 283.85 MHz ( period = 3.523 ns )                    ; diviseur:C1|cpt[23] ; diviseur:C1|cpt[13] ; clk        ; clk      ; None                        ; None                      ; 3.310 ns                ;
; N/A                                     ; 283.93 MHz ( period = 3.522 ns )                    ; diviseur:C1|cpt[23] ; diviseur:C1|cpt[12] ; clk        ; clk      ; None                        ; None                      ; 3.309 ns                ;
; N/A                                     ; 283.93 MHz ( period = 3.522 ns )                    ; diviseur:C1|cpt[26] ; diviseur:C1|cpt[14] ; clk        ; clk      ; None                        ; None                      ; 3.309 ns                ;
; N/A                                     ; 284.01 MHz ( period = 3.521 ns )                    ; diviseur:C1|cpt[23] ; diviseur:C1|cpt[11] ; clk        ; clk      ; None                        ; None                      ; 3.308 ns                ;
; N/A                                     ; 284.01 MHz ( period = 3.521 ns )                    ; diviseur:C1|cpt[23] ; diviseur:C1|cpt[18] ; clk        ; clk      ; None                        ; None                      ; 3.308 ns                ;
; N/A                                     ; 284.09 MHz ( period = 3.520 ns )                    ; diviseur:C1|cpt[23] ; diviseur:C1|cpt[16] ; clk        ; clk      ; None                        ; None                      ; 3.307 ns                ;
; N/A                                     ; 284.09 MHz ( period = 3.520 ns )                    ; diviseur:C1|cpt[14] ; diviseur:C1|cpt[19] ; clk        ; clk      ; None                        ; None                      ; 3.306 ns                ;
; N/A                                     ; 284.17 MHz ( period = 3.519 ns )                    ; diviseur:C1|cpt[3]  ; diviseur:C1|cpt[22] ; clk        ; clk      ; None                        ; None                      ; 3.302 ns                ;
; N/A                                     ; 284.25 MHz ( period = 3.518 ns )                    ; diviseur:C1|cpt[14] ; diviseur:C1|cpt[14] ; clk        ; clk      ; None                        ; None                      ; 3.304 ns                ;
; N/A                                     ; 284.50 MHz ( period = 3.515 ns )                    ; diviseur:C1|cpt[23] ; diviseur:C1|cpt[19] ; clk        ; clk      ; None                        ; None                      ; 3.302 ns                ;
; N/A                                     ; 284.58 MHz ( period = 3.514 ns )                    ; diviseur:C1|cpt[6]  ; diviseur:C1|cpt[24] ; clk        ; clk      ; None                        ; None                      ; 3.296 ns                ;
; N/A                                     ; 284.66 MHz ( period = 3.513 ns )                    ; diviseur:C1|cpt[23] ; diviseur:C1|cpt[14] ; clk        ; clk      ; None                        ; None                      ; 3.300 ns                ;
; N/A                                     ; 284.90 MHz ( period = 3.510 ns )                    ; diviseur:C1|cpt[4]  ; diviseur:C1|cpt[19] ; clk        ; clk      ; None                        ; None                      ; 3.294 ns                ;
; N/A                                     ; 284.90 MHz ( period = 3.510 ns )                    ; diviseur:C1|cpt[0]  ; diviseur:C1|cpt[27] ; clk        ; clk      ; None                        ; None                      ; 3.293 ns                ;
; N/A                                     ; 285.23 MHz ( period = 3.506 ns )                    ; diviseur:C1|cpt[3]  ; diviseur:C1|cpt[18] ; clk        ; clk      ; None                        ; None                      ; 3.290 ns                ;
; N/A                                     ; 285.55 MHz ( period = 3.502 ns )                    ; diviseur:C1|cpt[21] ; diviseur:C1|cpt[22] ; clk        ; clk      ; None                        ; None                      ; 3.287 ns                ;
; N/A                                     ; 285.55 MHz ( period = 3.502 ns )                    ; diviseur:C1|cpt[21] ; diviseur:C1|cpt[24] ; clk        ; clk      ; None                        ; None                      ; 3.287 ns                ;
; N/A                                     ; 285.71 MHz ( period = 3.500 ns )                    ; diviseur:C1|cpt[20] ; diviseur:C1|clk_sig ; clk        ; clk      ; None                        ; None                      ; 3.158 ns                ;
; N/A                                     ; 285.80 MHz ( period = 3.499 ns )                    ; diviseur:C1|cpt[16] ; diviseur:C1|clk_sig ; clk        ; clk      ; None                        ; None                      ; 3.157 ns                ;
; N/A                                     ; 286.86 MHz ( period = 3.486 ns )                    ; diviseur:C1|cpt[5]  ; diviseur:C1|cpt[24] ; clk        ; clk      ; None                        ; None                      ; 3.269 ns                ;
; N/A                                     ; 287.11 MHz ( period = 3.483 ns )                    ; diviseur:C1|cpt[1]  ; diviseur:C1|cpt[27] ; clk        ; clk      ; None                        ; None                      ; 3.266 ns                ;
; N/A                                     ; 287.52 MHz ( period = 3.478 ns )                    ; diviseur:C1|cpt[1]  ; diviseur:C1|cpt[20] ; clk        ; clk      ; None                        ; None                      ; 3.262 ns                ;
; N/A                                     ; 289.86 MHz ( period = 3.450 ns )                    ; diviseur:C1|cpt[2]  ; diviseur:C1|cpt[21] ; clk        ; clk      ; None                        ; None                      ; 3.234 ns                ;
; N/A                                     ; 290.02 MHz ( period = 3.448 ns )                    ; diviseur:C1|cpt[4]  ; diviseur:C1|cpt[22] ; clk        ; clk      ; None                        ; None                      ; 3.231 ns                ;
; N/A                                     ; 290.36 MHz ( period = 3.444 ns )                    ; diviseur:C1|cpt[17] ; diviseur:C1|cpt[13] ; clk        ; clk      ; None                        ; None                      ; 3.231 ns                ;
; N/A                                     ; 290.44 MHz ( period = 3.443 ns )                    ; diviseur:C1|cpt[17] ; diviseur:C1|cpt[12] ; clk        ; clk      ; None                        ; None                      ; 3.230 ns                ;
; N/A                                     ; 290.53 MHz ( period = 3.442 ns )                    ; diviseur:C1|cpt[17] ; diviseur:C1|cpt[11] ; clk        ; clk      ; None                        ; None                      ; 3.229 ns                ;
; N/A                                     ; 290.53 MHz ( period = 3.442 ns )                    ; diviseur:C1|cpt[17] ; diviseur:C1|cpt[18] ; clk        ; clk      ; None                        ; None                      ; 3.229 ns                ;
; N/A                                     ; 290.61 MHz ( period = 3.441 ns )                    ; diviseur:C1|cpt[15] ; diviseur:C1|cpt[13] ; clk        ; clk      ; None                        ; None                      ; 3.228 ns                ;
; N/A                                     ; 290.61 MHz ( period = 3.441 ns )                    ; diviseur:C1|cpt[17] ; diviseur:C1|cpt[16] ; clk        ; clk      ; None                        ; None                      ; 3.228 ns                ;
; N/A                                     ; 290.70 MHz ( period = 3.440 ns )                    ; diviseur:C1|cpt[15] ; diviseur:C1|cpt[12] ; clk        ; clk      ; None                        ; None                      ; 3.227 ns                ;
; N/A                                     ; 290.78 MHz ( period = 3.439 ns )                    ; diviseur:C1|cpt[15] ; diviseur:C1|cpt[11] ; clk        ; clk      ; None                        ; None                      ; 3.226 ns                ;
; N/A                                     ; 290.78 MHz ( period = 3.439 ns )                    ; diviseur:C1|cpt[9]  ; diviseur:C1|cpt[22] ; clk        ; clk      ; None                        ; None                      ; 3.222 ns                ;
; N/A                                     ; 290.78 MHz ( period = 3.439 ns )                    ; diviseur:C1|cpt[9]  ; diviseur:C1|cpt[24] ; clk        ; clk      ; None                        ; None                      ; 3.222 ns                ;
; N/A                                     ; 290.78 MHz ( period = 3.439 ns )                    ; diviseur:C1|cpt[15] ; diviseur:C1|cpt[18] ; clk        ; clk      ; None                        ; None                      ; 3.226 ns                ;
; N/A                                     ; 290.78 MHz ( period = 3.439 ns )                    ; diviseur:C1|cpt[0]  ; diviseur:C1|cpt[26] ; clk        ; clk      ; None                        ; None                      ; 3.222 ns                ;
; N/A                                     ; 290.87 MHz ( period = 3.438 ns )                    ; diviseur:C1|cpt[10] ; diviseur:C1|cpt[13] ; clk        ; clk      ; None                        ; None                      ; 3.222 ns                ;
; N/A                                     ; 290.87 MHz ( period = 3.438 ns )                    ; diviseur:C1|cpt[15] ; diviseur:C1|cpt[16] ; clk        ; clk      ; None                        ; None                      ; 3.225 ns                ;
; N/A                                     ; 290.95 MHz ( period = 3.437 ns )                    ; diviseur:C1|cpt[10] ; diviseur:C1|cpt[12] ; clk        ; clk      ; None                        ; None                      ; 3.221 ns                ;
; N/A                                     ; 291.04 MHz ( period = 3.436 ns )                    ; diviseur:C1|cpt[10] ; diviseur:C1|cpt[11] ; clk        ; clk      ; None                        ; None                      ; 3.220 ns                ;
; N/A                                     ; 291.04 MHz ( period = 3.436 ns )                    ; diviseur:C1|cpt[17] ; diviseur:C1|cpt[19] ; clk        ; clk      ; None                        ; None                      ; 3.223 ns                ;
; N/A                                     ; 291.04 MHz ( period = 3.436 ns )                    ; diviseur:C1|cpt[10] ; diviseur:C1|cpt[18] ; clk        ; clk      ; None                        ; None                      ; 3.220 ns                ;
; N/A                                     ; 291.12 MHz ( period = 3.435 ns )                    ; diviseur:C1|cpt[26] ; diviseur:C1|cpt[22] ; clk        ; clk      ; None                        ; None                      ; 3.221 ns                ;
; N/A                                     ; 291.12 MHz ( period = 3.435 ns )                    ; diviseur:C1|cpt[26] ; diviseur:C1|cpt[24] ; clk        ; clk      ; None                        ; None                      ; 3.221 ns                ;
; N/A                                     ; 291.12 MHz ( period = 3.435 ns )                    ; diviseur:C1|cpt[10] ; diviseur:C1|cpt[16] ; clk        ; clk      ; None                        ; None                      ; 3.219 ns                ;
; N/A                                     ; 291.12 MHz ( period = 3.435 ns )                    ; diviseur:C1|cpt[6]  ; diviseur:C1|cpt[19] ; clk        ; clk      ; None                        ; None                      ; 3.218 ns                ;
; N/A                                     ; 291.12 MHz ( period = 3.435 ns )                    ; diviseur:C1|cpt[4]  ; diviseur:C1|cpt[18] ; clk        ; clk      ; None                        ; None                      ; 3.219 ns                ;
; N/A                                     ; 291.21 MHz ( period = 3.434 ns )                    ; diviseur:C1|cpt[11] ; diviseur:C1|cpt[24] ; clk        ; clk      ; None                        ; None                      ; 3.219 ns                ;
; N/A                                     ; 291.21 MHz ( period = 3.434 ns )                    ; diviseur:C1|cpt[17] ; diviseur:C1|cpt[14] ; clk        ; clk      ; None                        ; None                      ; 3.221 ns                ;
; N/A                                     ; 291.29 MHz ( period = 3.433 ns )                    ; diviseur:C1|cpt[15] ; diviseur:C1|cpt[19] ; clk        ; clk      ; None                        ; None                      ; 3.220 ns                ;
; N/A                                     ; 291.46 MHz ( period = 3.431 ns )                    ; diviseur:C1|cpt[14] ; diviseur:C1|cpt[22] ; clk        ; clk      ; None                        ; None                      ; 3.216 ns                ;
; N/A                                     ; 291.46 MHz ( period = 3.431 ns )                    ; diviseur:C1|cpt[14] ; diviseur:C1|cpt[24] ; clk        ; clk      ; None                        ; None                      ; 3.216 ns                ;
; N/A                                     ; 291.46 MHz ( period = 3.431 ns )                    ; diviseur:C1|cpt[15] ; diviseur:C1|cpt[14] ; clk        ; clk      ; None                        ; None                      ; 3.218 ns                ;
; N/A                                     ; 291.55 MHz ( period = 3.430 ns )                    ; diviseur:C1|cpt[2]  ; diviseur:C1|cpt[13] ; clk        ; clk      ; None                        ; None                      ; 3.214 ns                ;
; N/A                                     ; 291.55 MHz ( period = 3.430 ns )                    ; diviseur:C1|cpt[10] ; diviseur:C1|cpt[19] ; clk        ; clk      ; None                        ; None                      ; 3.214 ns                ;
; N/A                                     ; 291.72 MHz ( period = 3.428 ns )                    ; diviseur:C1|cpt[10] ; diviseur:C1|cpt[14] ; clk        ; clk      ; None                        ; None                      ; 3.212 ns                ;
; N/A                                     ; 291.89 MHz ( period = 3.426 ns )                    ; diviseur:C1|cpt[23] ; diviseur:C1|cpt[22] ; clk        ; clk      ; None                        ; None                      ; 3.212 ns                ;
; N/A                                     ; 291.89 MHz ( period = 3.426 ns )                    ; diviseur:C1|cpt[23] ; diviseur:C1|cpt[24] ; clk        ; clk      ; None                        ; None                      ; 3.212 ns                ;
; N/A                                     ; 292.83 MHz ( period = 3.415 ns )                    ; diviseur:C1|cpt[3]  ; diviseur:C1|cpt[21] ; clk        ; clk      ; None                        ; None                      ; 3.199 ns                ;
; N/A                                     ; 293.08 MHz ( period = 3.412 ns )                    ; diviseur:C1|cpt[1]  ; diviseur:C1|cpt[26] ; clk        ; clk      ; None                        ; None                      ; 3.195 ns                ;
; N/A                                     ; 293.26 MHz ( period = 3.410 ns )                    ; diviseur:C1|cpt[25] ; diviseur:C1|cpt[13] ; clk        ; clk      ; None                        ; None                      ; 3.197 ns                ;
; N/A                                     ; 293.34 MHz ( period = 3.409 ns )                    ; diviseur:C1|cpt[25] ; diviseur:C1|cpt[12] ; clk        ; clk      ; None                        ; None                      ; 3.196 ns                ;
; N/A                                     ; 293.43 MHz ( period = 3.408 ns )                    ; diviseur:C1|cpt[25] ; diviseur:C1|cpt[11] ; clk        ; clk      ; None                        ; None                      ; 3.195 ns                ;
; N/A                                     ; 293.43 MHz ( period = 3.408 ns )                    ; diviseur:C1|cpt[25] ; diviseur:C1|cpt[18] ; clk        ; clk      ; None                        ; None                      ; 3.195 ns                ;
; N/A                                     ; 293.51 MHz ( period = 3.407 ns )                    ; diviseur:C1|cpt[25] ; diviseur:C1|cpt[16] ; clk        ; clk      ; None                        ; None                      ; 3.194 ns                ;
; N/A                                     ; 293.51 MHz ( period = 3.407 ns )                    ; diviseur:C1|cpt[5]  ; diviseur:C1|cpt[19] ; clk        ; clk      ; None                        ; None                      ; 3.191 ns                ;
; N/A                                     ; 293.60 MHz ( period = 3.406 ns )                    ; diviseur:C1|cpt[19] ; diviseur:C1|cpt[13] ; clk        ; clk      ; None                        ; None                      ; 3.192 ns                ;
; Timing analysis restricted to 200 rows. ; To change the limit use Settings (Assignments menu) ;                     ;                     ;            ;          ;                             ;                           ;                         ;
+-----------------------------------------+-----------------------------------------------------+---------------------+---------------------+------------+----------+-----------------------------+---------------------------+-------------------------+


+-----------------------------------------------------------------------------+
; tco                                                                         ;
+-------+--------------+------------+-------------------+--------+------------+
; Slack ; Required tco ; Actual tco ; From              ; To     ; From Clock ;
+-------+--------------+------------+-------------------+--------+------------+
; N/A   ; None         ; 10.878 ns  ; cpt_bcd:C2|cpt[2] ; seg[0] ; clk        ;
; N/A   ; None         ; 10.850 ns  ; cpt_bcd:C2|cpt[2] ; seg[1] ; clk        ;
; N/A   ; None         ; 10.838 ns  ; cpt_bcd:C2|cpt[2] ; seg[2] ; clk        ;
; N/A   ; None         ; 10.637 ns  ; cpt_bcd:C2|cpt[2] ; seg[3] ; clk        ;
; N/A   ; None         ; 10.636 ns  ; cpt_bcd:C2|cpt[2] ; seg[4] ; clk        ;
; N/A   ; None         ; 10.624 ns  ; cpt_bcd:C2|cpt[2] ; seg[5] ; clk        ;
; N/A   ; None         ; 10.621 ns  ; cpt_bcd:C2|cpt[2] ; seg[6] ; clk        ;
; N/A   ; None         ; 10.612 ns  ; cpt_bcd:C2|cpt[3] ; seg[0] ; clk        ;
; N/A   ; None         ; 10.593 ns  ; cpt_bcd:C2|cpt[1] ; seg[2] ; clk        ;
; N/A   ; None         ; 10.585 ns  ; cpt_bcd:C2|cpt[3] ; seg[2] ; clk        ;
; N/A   ; None         ; 10.584 ns  ; cpt_bcd:C2|cpt[1] ; seg[1] ; clk        ;
; N/A   ; None         ; 10.583 ns  ; cpt_bcd:C2|cpt[1] ; seg[0] ; clk        ;
; N/A   ; None         ; 10.572 ns  ; cpt_bcd:C2|cpt[3] ; seg[1] ; clk        ;
; N/A   ; None         ; 10.480 ns  ; cpt_bcd:C2|cpt[0] ; seg[0] ; clk        ;
; N/A   ; None         ; 10.470 ns  ; cpt_bcd:C2|cpt[0] ; seg[2] ; clk        ;
; N/A   ; None         ; 10.457 ns  ; cpt_bcd:C2|cpt[0] ; seg[1] ; clk        ;
; N/A   ; None         ; 10.369 ns  ; cpt_bcd:C2|cpt[1] ; seg[3] ; clk        ;
; N/A   ; None         ; 10.367 ns  ; cpt_bcd:C2|cpt[1] ; seg[4] ; clk        ;
; N/A   ; None         ; 10.358 ns  ; cpt_bcd:C2|cpt[3] ; seg[4] ; clk        ;
; N/A   ; None         ; 10.358 ns  ; cpt_bcd:C2|cpt[3] ; seg[3] ; clk        ;
; N/A   ; None         ; 10.356 ns  ; cpt_bcd:C2|cpt[1] ; seg[5] ; clk        ;
; N/A   ; None         ; 10.355 ns  ; cpt_bcd:C2|cpt[3] ; seg[6] ; clk        ;
; N/A   ; None         ; 10.353 ns  ; cpt_bcd:C2|cpt[1] ; seg[6] ; clk        ;
; N/A   ; None         ; 10.349 ns  ; cpt_bcd:C2|cpt[3] ; seg[5] ; clk        ;
; N/A   ; None         ; 10.243 ns  ; cpt_bcd:C2|cpt[0] ; seg[3] ; clk        ;
; N/A   ; None         ; 10.230 ns  ; cpt_bcd:C2|cpt[0] ; seg[5] ; clk        ;
; N/A   ; None         ; 10.220 ns  ; cpt_bcd:C2|cpt[0] ; seg[6] ; clk        ;
; N/A   ; None         ; 10.211 ns  ; cpt_bcd:C2|cpt[0] ; seg[4] ; clk        ;
+-------+--------------+------------+-------------------+--------+------------+


+--------------------------+
; Timing Analyzer Messages ;
+--------------------------+
Info: *******************************************************************
Info: Running Quartus II Classic Timing Analyzer
    Info: Version 9.0 Build 235 06/17/2009 Service Pack 2 SJ Web Edition
    Info: Processing started: Mon Sep 07 08:45:33 2020
Info: Command: quartus_tan --read_settings_files=off --write_settings_files=off compteur_7seg -c compteur_7seg --timing_analysis_only
Warning: Found pins functioning as undefined clocks and/or memory enables
    Info: Assuming node "clk" is an undefined clock
Warning: Found 1 node(s) in clock paths which may be acting as ripple and/or gated clocks -- node(s) analyzed as buffer(s) resulting in clock skew
    Info: Detected ripple clock "diviseur:C1|clk_sig" as buffer
Info: Clock "clk" has Internal fmax of 239.35 MHz between source register "diviseur:C1|cpt[13]" and destination register "diviseur:C1|cpt[21]" (period= 4.178 ns)
    Info: + Longest register to register delay is 3.964 ns
        Info: 1: + IC(0.000 ns) + CELL(0.000 ns) = 0.000 ns; Loc. = LCFF_X8_Y15_N1; Fanout = 3; REG Node = 'diviseur:C1|cpt[13]'
        Info: 2: + IC(0.736 ns) + CELL(0.437 ns) = 1.173 ns; Loc. = LCCOMB_X8_Y15_N30; Fanout = 1; COMB Node = 'diviseur:C1|Equal0~3'
        Info: 3: + IC(0.249 ns) + CELL(0.393 ns) = 1.815 ns; Loc. = LCCOMB_X8_Y15_N4; Fanout = 1; COMB Node = 'diviseur:C1|Equal0~4'
        Info: 4: + IC(0.718 ns) + CELL(0.150 ns) = 2.683 ns; Loc. = LCCOMB_X7_Y16_N2; Fanout = 14; COMB Node = 'diviseur:C1|Equal0~8'
        Info: 5: + IC(0.826 ns) + CELL(0.371 ns) = 3.880 ns; Loc. = LCCOMB_X8_Y15_N28; Fanout = 1; COMB Node = 'diviseur:C1|cpt~31'
        Info: 6: + IC(0.000 ns) + CELL(0.084 ns) = 3.964 ns; Loc. = LCFF_X8_Y15_N29; Fanout = 3; REG Node = 'diviseur:C1|cpt[21]'
        Info: Total cell delay = 1.435 ns ( 36.20 % )
        Info: Total interconnect delay = 2.529 ns ( 63.80 % )
    Info: - Smallest clock skew is 0.000 ns
        Info: + Shortest clock path from clock "clk" to destination register is 2.683 ns
            Info: 1: + IC(0.000 ns) + CELL(0.999 ns) = 0.999 ns; Loc. = PIN_N2; Fanout = 2; CLK Node = 'clk'
            Info: 2: + IC(0.118 ns) + CELL(0.000 ns) = 1.117 ns; Loc. = CLKCTRL_G2; Fanout = 28; COMB Node = 'clk~clkctrl'
            Info: 3: + IC(1.029 ns) + CELL(0.537 ns) = 2.683 ns; Loc. = LCFF_X8_Y15_N29; Fanout = 3; REG Node = 'diviseur:C1|cpt[21]'
            Info: Total cell delay = 1.536 ns ( 57.25 % )
            Info: Total interconnect delay = 1.147 ns ( 42.75 % )
        Info: - Longest clock path from clock "clk" to source register is 2.683 ns
            Info: 1: + IC(0.000 ns) + CELL(0.999 ns) = 0.999 ns; Loc. = PIN_N2; Fanout = 2; CLK Node = 'clk'
            Info: 2: + IC(0.118 ns) + CELL(0.000 ns) = 1.117 ns; Loc. = CLKCTRL_G2; Fanout = 28; COMB Node = 'clk~clkctrl'
            Info: 3: + IC(1.029 ns) + CELL(0.537 ns) = 2.683 ns; Loc. = LCFF_X8_Y15_N1; Fanout = 3; REG Node = 'diviseur:C1|cpt[13]'
            Info: Total cell delay = 1.536 ns ( 57.25 % )
            Info: Total interconnect delay = 1.147 ns ( 42.75 % )
    Info: + Micro clock to output delay of source is 0.250 ns
    Info: + Micro setup delay of destination is -0.036 ns
Info: tco from clock "clk" to destination pin "seg[0]" through register "cpt_bcd:C2|cpt[2]" is 10.878 ns
    Info: + Longest clock path from clock "clk" to source register is 5.783 ns
        Info: 1: + IC(0.000 ns) + CELL(0.999 ns) = 0.999 ns; Loc. = PIN_N2; Fanout = 2; CLK Node = 'clk'
        Info: 2: + IC(1.019 ns) + CELL(0.787 ns) = 2.805 ns; Loc. = LCFF_X8_Y15_N21; Fanout = 2; REG Node = 'diviseur:C1|clk_sig'
        Info: 3: + IC(1.385 ns) + CELL(0.000 ns) = 4.190 ns; Loc. = CLKCTRL_G0; Fanout = 4; COMB Node = 'diviseur:C1|clk_sig~clkctrl'
        Info: 4: + IC(1.056 ns) + CELL(0.537 ns) = 5.783 ns; Loc. = LCFF_X27_Y1_N13; Fanout = 10; REG Node = 'cpt_bcd:C2|cpt[2]'
        Info: Total cell delay = 2.323 ns ( 40.17 % )
        Info: Total interconnect delay = 3.460 ns ( 59.83 % )
    Info: + Micro clock to output delay of source is 0.250 ns
    Info: + Longest register to pin delay is 4.845 ns
        Info: 1: + IC(0.000 ns) + CELL(0.000 ns) = 0.000 ns; Loc. = LCFF_X27_Y1_N13; Fanout = 10; REG Node = 'cpt_bcd:C2|cpt[2]'
        Info: 2: + IC(0.792 ns) + CELL(0.438 ns) = 1.230 ns; Loc. = LCCOMB_X27_Y1_N8; Fanout = 1; COMB Node = 'deco_7seg:C3|Mux6~0'
        Info: 3: + IC(0.817 ns) + CELL(2.798 ns) = 4.845 ns; Loc. = PIN_AF10; Fanout = 0; PIN Node = 'seg[0]'
        Info: Total cell delay = 3.236 ns ( 66.79 % )
        Info: Total interconnect delay = 1.609 ns ( 33.21 % )
Info: Quartus II Classic Timing Analyzer was successful. 0 errors, 2 warnings
    Info: Peak virtual memory: 173 megabytes
    Info: Processing ended: Mon Sep 07 08:45:33 2020
    Info: Elapsed time: 00:00:00
    Info: Total CPU time (on all processors): 00:00:00


