Classic Timing Analyzer report for cpt_bcd
Fri Sep 04 12:24:55 2020
Quartus II Version 9.1 Build 350 03/24/2010 Service Pack 2 SJ Web Edition


---------------------
; Table of Contents ;
---------------------
  1. Legal Notice
  2. Timing Analyzer Summary
  3. Timing Analyzer Settings
  4. Clock Settings Summary
  5. Parallel Compilation
  6. Clock Setup: 'clk'
  7. tco
  8. Timing Analyzer Messages



----------------
; Legal Notice ;
----------------
Copyright (C) 1991-2010 Altera Corporation
Your use of Altera Corporation's design tools, logic functions 
and other software and tools, and its AMPP partner logic 
functions, and any output files from any of the foregoing 
(including device programming or simulation files), and any 
associated documentation or information are expressly subject 
to the terms and conditions of the Altera Program License 
Subscription Agreement, Altera MegaCore Function License 
Agreement, or other applicable license agreement, including, 
without limitation, that your use is for the sole purpose of 
programming logic devices manufactured by Altera and sold by 
Altera or its authorized distributors.  Please refer to the 
applicable agreement for further details.



+------------------------------------------------------------------------------------------------------------------------------------------------------------------------+
; Timing Analyzer Summary                                                                                                                                                ;
+------------------------------+-------+---------------+------------------------------------------------+------------+------------+------------+----------+--------------+
; Type                         ; Slack ; Required Time ; Actual Time                                    ; From       ; To         ; From Clock ; To Clock ; Failed Paths ;
+------------------------------+-------+---------------+------------------------------------------------+------------+------------+------------+----------+--------------+
; Worst-case tco               ; N/A   ; None          ; 9.407 ns                                       ; cpt[0]     ; unit[0]    ; clk        ; --       ; 0            ;
; Clock Setup: 'clk'           ; N/A   ; None          ; Restricted to 420.17 MHz ( period = 2.380 ns ) ; cpt_diz[2] ; cpt_diz[3] ; clk        ; clk      ; 0            ;
; Total number of failed paths ;       ;               ;                                                ;            ;            ;            ;          ; 0            ;
+------------------------------+-------+---------------+------------------------------------------------+------------+------------+------------+----------+--------------+


+-----------------------------------------------------------------------------------------------------------------------------------------------------+
; Timing Analyzer Settings                                                                                                                            ;
+------------------------------------------------------------------------------------------------------+--------------------+------+----+-------------+
; Option                                                                                               ; Setting            ; From ; To ; Entity Name ;
+------------------------------------------------------------------------------------------------------+--------------------+------+----+-------------+
; Device Name                                                                                          ; EP2C35F672C6       ;      ;    ;             ;
; Timing Models                                                                                        ; Final              ;      ;    ;             ;
; Default hold multicycle                                                                              ; Same as Multicycle ;      ;    ;             ;
; Cut paths between unrelated clock domains                                                            ; On                 ;      ;    ;             ;
; Cut off read during write signal paths                                                               ; On                 ;      ;    ;             ;
; Cut off feedback from I/O pins                                                                       ; On                 ;      ;    ;             ;
; Report Combined Fast/Slow Timing                                                                     ; Off                ;      ;    ;             ;
; Ignore Clock Settings                                                                                ; Off                ;      ;    ;             ;
; Analyze latches as synchronous elements                                                              ; On                 ;      ;    ;             ;
; Enable Recovery/Removal analysis                                                                     ; Off                ;      ;    ;             ;
; Enable Clock Latency                                                                                 ; Off                ;      ;    ;             ;
; Use TimeQuest Timing Analyzer                                                                        ; Off                ;      ;    ;             ;
; Minimum Core Junction Temperature                                                                    ; 0                  ;      ;    ;             ;
; Maximum Core Junction Temperature                                                                    ; 85                 ;      ;    ;             ;
; Number of source nodes to report per destination node                                                ; 10                 ;      ;    ;             ;
; Number of destination nodes to report                                                                ; 10                 ;      ;    ;             ;
; Number of paths to report                                                                            ; 200                ;      ;    ;             ;
; Report Minimum Timing Checks                                                                         ; Off                ;      ;    ;             ;
; Use Fast Timing Models                                                                               ; Off                ;      ;    ;             ;
; Report IO Paths Separately                                                                           ; Off                ;      ;    ;             ;
; Perform Multicorner Analysis                                                                         ; On                 ;      ;    ;             ;
; Reports the worst-case path for each clock domain and analysis                                       ; Off                ;      ;    ;             ;
; Reports worst-case timing paths for each clock domain and analysis                                   ; On                 ;      ;    ;             ;
; Specifies the maximum number of worst-case timing paths to report for each clock domain and analysis ; 100                ;      ;    ;             ;
; Removes common clock path pessimism (CCPP) during slack computation                                  ; Off                ;      ;    ;             ;
; Output I/O Timing Endpoint                                                                           ; Near End           ;      ;    ;             ;
+------------------------------------------------------------------------------------------------------+--------------------+------+----+-------------+


+------------------------------------------------------------------------------------------------------------------------------------------------------------------------------------+
; Clock Settings Summary                                                                                                                                                             ;
+-----------------+--------------------+----------+------------------+---------------+--------------+----------+-----------------------+---------------------+--------+--------------+
; Clock Node Name ; Clock Setting Name ; Type     ; Fmax Requirement ; Early Latency ; Late Latency ; Based on ; Multiply Base Fmax by ; Divide Base Fmax by ; Offset ; Phase offset ;
+-----------------+--------------------+----------+------------------+---------------+--------------+----------+-----------------------+---------------------+--------+--------------+
; clk             ;                    ; User Pin ; None             ; 0.000 ns      ; 0.000 ns     ; --       ; N/A                   ; N/A                 ; N/A    ;              ;
+-----------------+--------------------+----------+------------------+---------------+--------------+----------+-----------------------+---------------------+--------+--------------+


Parallel compilation was disabled, but you have multiple processors available. Enable parallel compilation to reduce compilation time.
+-------------------------------------+
; Parallel Compilation                ;
+----------------------------+--------+
; Processors                 ; Number ;
+----------------------------+--------+
; Number detected on machine ; 4      ;
; Maximum allowed            ; 1      ;
+----------------------------+--------+


+----------------------------------------------------------------------------------------------------------------------------------------------------------------------------------------------+
; Clock Setup: 'clk'                                                                                                                                                                           ;
+-------+------------------------------------------------+------------+------------+------------+----------+-----------------------------+---------------------------+-------------------------+
; Slack ; Actual fmax (period)                           ; From       ; To         ; From Clock ; To Clock ; Required Setup Relationship ; Required Longest P2P Time ; Actual Longest P2P Time ;
+-------+------------------------------------------------+------------+------------+------------+----------+-----------------------------+---------------------------+-------------------------+
; N/A   ; Restricted to 420.17 MHz ( period = 2.380 ns ) ; cpt_diz[2] ; cpt_diz[3] ; clk        ; clk      ; None                        ; None                      ; 1.366 ns                ;
; N/A   ; Restricted to 420.17 MHz ( period = 2.380 ns ) ; cpt[2]     ; cpt_diz[0] ; clk        ; clk      ; None                        ; None                      ; 1.249 ns                ;
; N/A   ; Restricted to 420.17 MHz ( period = 2.380 ns ) ; cpt[2]     ; cpt_diz[2] ; clk        ; clk      ; None                        ; None                      ; 1.249 ns                ;
; N/A   ; Restricted to 420.17 MHz ( period = 2.380 ns ) ; cpt[2]     ; cpt_diz[3] ; clk        ; clk      ; None                        ; None                      ; 1.249 ns                ;
; N/A   ; Restricted to 420.17 MHz ( period = 2.380 ns ) ; cpt[2]     ; cpt_diz[1] ; clk        ; clk      ; None                        ; None                      ; 1.244 ns                ;
; N/A   ; Restricted to 420.17 MHz ( period = 2.380 ns ) ; cpt[0]     ; cpt[3]     ; clk        ; clk      ; None                        ; None                      ; 1.234 ns                ;
; N/A   ; Restricted to 420.17 MHz ( period = 2.380 ns ) ; cpt[0]     ; cpt[1]     ; clk        ; clk      ; None                        ; None                      ; 1.232 ns                ;
; N/A   ; Restricted to 420.17 MHz ( period = 2.380 ns ) ; cpt_diz[1] ; cpt_diz[3] ; clk        ; clk      ; None                        ; None                      ; 1.229 ns                ;
; N/A   ; Restricted to 420.17 MHz ( period = 2.380 ns ) ; cpt[1]     ; cpt_diz[0] ; clk        ; clk      ; None                        ; None                      ; 1.187 ns                ;
; N/A   ; Restricted to 420.17 MHz ( period = 2.380 ns ) ; cpt[1]     ; cpt_diz[2] ; clk        ; clk      ; None                        ; None                      ; 1.187 ns                ;
; N/A   ; Restricted to 420.17 MHz ( period = 2.380 ns ) ; cpt[1]     ; cpt_diz[3] ; clk        ; clk      ; None                        ; None                      ; 1.187 ns                ;
; N/A   ; Restricted to 420.17 MHz ( period = 2.380 ns ) ; cpt[1]     ; cpt_diz[1] ; clk        ; clk      ; None                        ; None                      ; 1.182 ns                ;
; N/A   ; Restricted to 420.17 MHz ( period = 2.380 ns ) ; cpt[0]     ; cpt_diz[0] ; clk        ; clk      ; None                        ; None                      ; 1.114 ns                ;
; N/A   ; Restricted to 420.17 MHz ( period = 2.380 ns ) ; cpt[0]     ; cpt_diz[2] ; clk        ; clk      ; None                        ; None                      ; 1.114 ns                ;
; N/A   ; Restricted to 420.17 MHz ( period = 2.380 ns ) ; cpt[0]     ; cpt_diz[3] ; clk        ; clk      ; None                        ; None                      ; 1.114 ns                ;
; N/A   ; Restricted to 420.17 MHz ( period = 2.380 ns ) ; cpt[0]     ; cpt_diz[1] ; clk        ; clk      ; None                        ; None                      ; 1.109 ns                ;
; N/A   ; Restricted to 420.17 MHz ( period = 2.380 ns ) ; cpt_diz[1] ; cpt_diz[2] ; clk        ; clk      ; None                        ; None                      ; 1.001 ns                ;
; N/A   ; Restricted to 420.17 MHz ( period = 2.380 ns ) ; cpt[3]     ; cpt_diz[0] ; clk        ; clk      ; None                        ; None                      ; 0.975 ns                ;
; N/A   ; Restricted to 420.17 MHz ( period = 2.380 ns ) ; cpt[3]     ; cpt_diz[2] ; clk        ; clk      ; None                        ; None                      ; 0.975 ns                ;
; N/A   ; Restricted to 420.17 MHz ( period = 2.380 ns ) ; cpt[3]     ; cpt_diz[3] ; clk        ; clk      ; None                        ; None                      ; 0.975 ns                ;
; N/A   ; Restricted to 420.17 MHz ( period = 2.380 ns ) ; cpt[3]     ; cpt_diz[1] ; clk        ; clk      ; None                        ; None                      ; 0.970 ns                ;
; N/A   ; Restricted to 420.17 MHz ( period = 2.380 ns ) ; cpt_diz[0] ; cpt_diz[1] ; clk        ; clk      ; None                        ; None                      ; 0.876 ns                ;
; N/A   ; Restricted to 420.17 MHz ( period = 2.380 ns ) ; cpt[2]     ; cpt[1]     ; clk        ; clk      ; None                        ; None                      ; 0.875 ns                ;
; N/A   ; Restricted to 420.17 MHz ( period = 2.380 ns ) ; cpt[2]     ; cpt[3]     ; clk        ; clk      ; None                        ; None                      ; 0.874 ns                ;
; N/A   ; Restricted to 420.17 MHz ( period = 2.380 ns ) ; cpt[0]     ; cpt[2]     ; clk        ; clk      ; None                        ; None                      ; 0.873 ns                ;
; N/A   ; Restricted to 420.17 MHz ( period = 2.380 ns ) ; cpt_diz[0] ; cpt_diz[2] ; clk        ; clk      ; None                        ; None                      ; 0.872 ns                ;
; N/A   ; Restricted to 420.17 MHz ( period = 2.380 ns ) ; cpt_diz[0] ; cpt_diz[3] ; clk        ; clk      ; None                        ; None                      ; 0.872 ns                ;
; N/A   ; Restricted to 420.17 MHz ( period = 2.380 ns ) ; cpt[1]     ; cpt[3]     ; clk        ; clk      ; None                        ; None                      ; 0.742 ns                ;
; N/A   ; Restricted to 420.17 MHz ( period = 2.380 ns ) ; cpt[1]     ; cpt[2]     ; clk        ; clk      ; None                        ; None                      ; 0.741 ns                ;
; N/A   ; Restricted to 420.17 MHz ( period = 2.380 ns ) ; cpt[3]     ; cpt[1]     ; clk        ; clk      ; None                        ; None                      ; 0.565 ns                ;
; N/A   ; Restricted to 420.17 MHz ( period = 2.380 ns ) ; cpt[0]     ; cpt[0]     ; clk        ; clk      ; None                        ; None                      ; 0.407 ns                ;
; N/A   ; Restricted to 420.17 MHz ( period = 2.380 ns ) ; cpt[1]     ; cpt[1]     ; clk        ; clk      ; None                        ; None                      ; 0.407 ns                ;
; N/A   ; Restricted to 420.17 MHz ( period = 2.380 ns ) ; cpt[2]     ; cpt[2]     ; clk        ; clk      ; None                        ; None                      ; 0.407 ns                ;
; N/A   ; Restricted to 420.17 MHz ( period = 2.380 ns ) ; cpt[3]     ; cpt[3]     ; clk        ; clk      ; None                        ; None                      ; 0.407 ns                ;
; N/A   ; Restricted to 420.17 MHz ( period = 2.380 ns ) ; cpt_diz[0] ; cpt_diz[0] ; clk        ; clk      ; None                        ; None                      ; 0.407 ns                ;
; N/A   ; Restricted to 420.17 MHz ( period = 2.380 ns ) ; cpt_diz[1] ; cpt_diz[1] ; clk        ; clk      ; None                        ; None                      ; 0.407 ns                ;
; N/A   ; Restricted to 420.17 MHz ( period = 2.380 ns ) ; cpt_diz[2] ; cpt_diz[2] ; clk        ; clk      ; None                        ; None                      ; 0.407 ns                ;
; N/A   ; Restricted to 420.17 MHz ( period = 2.380 ns ) ; cpt_diz[3] ; cpt_diz[3] ; clk        ; clk      ; None                        ; None                      ; 0.407 ns                ;
+-------+------------------------------------------------+------------+------------+------------+----------+-----------------------------+---------------------------+-------------------------+


+-----------------------------------------------------------------------+
; tco                                                                   ;
+-------+--------------+------------+------------+---------+------------+
; Slack ; Required tco ; Actual tco ; From       ; To      ; From Clock ;
+-------+--------------+------------+------------+---------+------------+
; N/A   ; None         ; 9.407 ns   ; cpt[0]     ; unit[0] ; clk        ;
; N/A   ; None         ; 8.952 ns   ; cpt_diz[1] ; diz[1]  ; clk        ;
; N/A   ; None         ; 8.623 ns   ; cpt_diz[0] ; diz[0]  ; clk        ;
; N/A   ; None         ; 8.593 ns   ; cpt[1]     ; unit[1] ; clk        ;
; N/A   ; None         ; 7.732 ns   ; cpt_diz[3] ; diz[3]  ; clk        ;
; N/A   ; None         ; 6.396 ns   ; cpt[3]     ; unit[3] ; clk        ;
; N/A   ; None         ; 6.393 ns   ; cpt[2]     ; unit[2] ; clk        ;
; N/A   ; None         ; 6.358 ns   ; cpt_diz[2] ; diz[2]  ; clk        ;
+-------+--------------+------------+------------+---------+------------+


+--------------------------+
; Timing Analyzer Messages ;
+--------------------------+
Info: *******************************************************************
Info: Running Quartus II Classic Timing Analyzer
    Info: Version 9.1 Build 350 03/24/2010 Service Pack 2 SJ Web Edition
    Info: Processing started: Fri Sep 04 12:24:55 2020
Info: Command: quartus_tan --read_settings_files=off --write_settings_files=off cpt_bcd -c cpt_bcd --timing_analysis_only
Warning: Found pins functioning as undefined clocks and/or memory enables
    Info: Assuming node "clk" is an undefined clock
Info: Clock "clk" Internal fmax is restricted to 420.17 MHz between source register "cpt_diz[2]" and destination register "cpt_diz[3]"
    Info: fmax restricted to clock pin edge rate 2.38 ns. Expand message to see actual delay path.
        Info: + Longest register to register delay is 1.366 ns
            Info: 1: + IC(0.000 ns) + CELL(0.000 ns) = 0.000 ns; Loc. = LCFF_X23_Y34_N21; Fanout = 3; REG Node = 'cpt_diz[2]'
            Info: 2: + IC(0.337 ns) + CELL(0.275 ns) = 0.612 ns; Loc. = LCCOMB_X23_Y34_N2; Fanout = 1; COMB Node = 'cpt_diz[3]~3'
            Info: 3: + IC(0.251 ns) + CELL(0.419 ns) = 1.282 ns; Loc. = LCCOMB_X23_Y34_N22; Fanout = 1; COMB Node = 'cpt_diz[3]~4'
            Info: 4: + IC(0.000 ns) + CELL(0.084 ns) = 1.366 ns; Loc. = LCFF_X23_Y34_N23; Fanout = 2; REG Node = 'cpt_diz[3]'
            Info: Total cell delay = 0.778 ns ( 56.95 % )
            Info: Total interconnect delay = 0.588 ns ( 43.05 % )
        Info: - Smallest clock skew is 0.000 ns
            Info: + Shortest clock path from clock "clk" to destination register is 2.690 ns
                Info: 1: + IC(0.000 ns) + CELL(0.999 ns) = 0.999 ns; Loc. = PIN_P2; Fanout = 1; CLK Node = 'clk'
                Info: 2: + IC(0.118 ns) + CELL(0.000 ns) = 1.117 ns; Loc. = CLKCTRL_G3; Fanout = 8; COMB Node = 'clk~clkctrl'
                Info: 3: + IC(1.036 ns) + CELL(0.537 ns) = 2.690 ns; Loc. = LCFF_X23_Y34_N23; Fanout = 2; REG Node = 'cpt_diz[3]'
                Info: Total cell delay = 1.536 ns ( 57.10 % )
                Info: Total interconnect delay = 1.154 ns ( 42.90 % )
            Info: - Longest clock path from clock "clk" to source register is 2.690 ns
                Info: 1: + IC(0.000 ns) + CELL(0.999 ns) = 0.999 ns; Loc. = PIN_P2; Fanout = 1; CLK Node = 'clk'
                Info: 2: + IC(0.118 ns) + CELL(0.000 ns) = 1.117 ns; Loc. = CLKCTRL_G3; Fanout = 8; COMB Node = 'clk~clkctrl'
                Info: 3: + IC(1.036 ns) + CELL(0.537 ns) = 2.690 ns; Loc. = LCFF_X23_Y34_N21; Fanout = 3; REG Node = 'cpt_diz[2]'
                Info: Total cell delay = 1.536 ns ( 57.10 % )
                Info: Total interconnect delay = 1.154 ns ( 42.90 % )
        Info: + Micro clock to output delay of source is 0.250 ns
        Info: + Micro setup delay of destination is -0.036 ns
Info: tco from clock "clk" to destination pin "unit[0]" through register "cpt[0]" is 9.407 ns
    Info: + Longest clock path from clock "clk" to source register is 2.690 ns
        Info: 1: + IC(0.000 ns) + CELL(0.999 ns) = 0.999 ns; Loc. = PIN_P2; Fanout = 1; CLK Node = 'clk'
        Info: 2: + IC(0.118 ns) + CELL(0.000 ns) = 1.117 ns; Loc. = CLKCTRL_G3; Fanout = 8; COMB Node = 'clk~clkctrl'
        Info: 3: + IC(1.036 ns) + CELL(0.537 ns) = 2.690 ns; Loc. = LCFF_X23_Y34_N17; Fanout = 6; REG Node = 'cpt[0]'
        Info: Total cell delay = 1.536 ns ( 57.10 % )
        Info: Total interconnect delay = 1.154 ns ( 42.90 % )
    Info: + Micro clock to output delay of source is 0.250 ns
    Info: + Longest register to pin delay is 6.467 ns
        Info: 1: + IC(0.000 ns) + CELL(0.000 ns) = 0.000 ns; Loc. = LCFF_X23_Y34_N17; Fanout = 6; REG Node = 'cpt[0]'
        Info: 2: + IC(3.699 ns) + CELL(2.768 ns) = 6.467 ns; Loc. = PIN_AB12; Fanout = 0; PIN Node = 'unit[0]'
        Info: Total cell delay = 2.768 ns ( 42.80 % )
        Info: Total interconnect delay = 3.699 ns ( 57.20 % )
Info: Quartus II Classic Timing Analyzer was successful. 0 errors, 1 warning
    Info: Peak virtual memory: 167 megabytes
    Info: Processing ended: Fri Sep 04 12:24:55 2020
    Info: Elapsed time: 00:00:00
    Info: Total CPU time (on all processors): 00:00:00


