Classic Timing Analyzer report for diviseur
Sun Sep 06 18:19:56 2020
Quartus II Version 9.1 Build 350 03/24/2010 Service Pack 2 SJ Web Edition


---------------------
; Table of Contents ;
---------------------
  1. Legal Notice
  2. Timing Analyzer Summary
  3. Timing Analyzer Settings
  4. Clock Settings Summary
  5. Parallel Compilation
  6. Clock Setup: 'clk'
  7. tco
  8. Timing Analyzer Messages



----------------
; Legal Notice ;
----------------
Copyright (C) 1991-2010 Altera Corporation
Your use of Altera Corporation's design tools, logic functions 
and other software and tools, and its AMPP partner logic 
functions, and any output files from any of the foregoing 
(including device programming or simulation files), and any 
associated documentation or information are expressly subject 
to the terms and conditions of the Altera Program License 
Subscription Agreement, Altera MegaCore Function License 
Agreement, or other applicable license agreement, including, 
without limitation, that your use is for the sole purpose of 
programming logic devices manufactured by Altera and sold by 
Altera or its authorized distributors.  Please refer to the 
applicable agreement for further details.



+----------------------------------------------------------------------------------------------------------------------------------------------------+
; Timing Analyzer Summary                                                                                                                            ;
+------------------------------+-------+---------------+----------------------------------+---------+---------+------------+----------+--------------+
; Type                         ; Slack ; Required Time ; Actual Time                      ; From    ; To      ; From Clock ; To Clock ; Failed Paths ;
+------------------------------+-------+---------------+----------------------------------+---------+---------+------------+----------+--------------+
; Worst-case tco               ; N/A   ; None          ; 6.697 ns                         ; clk_sig ; clk_out ; clk        ; --       ; 0            ;
; Clock Setup: 'clk'           ; N/A   ; None          ; 254.65 MHz ( period = 3.927 ns ) ; cpt[23] ; cpt[16] ; clk        ; clk      ; 0            ;
; Total number of failed paths ;       ;               ;                                  ;         ;         ;            ;          ; 0            ;
+------------------------------+-------+---------------+----------------------------------+---------+---------+------------+----------+--------------+


+-----------------------------------------------------------------------------------------------------------------------------------------------------+
; Timing Analyzer Settings                                                                                                                            ;
+------------------------------------------------------------------------------------------------------+--------------------+------+----+-------------+
; Option                                                                                               ; Setting            ; From ; To ; Entity Name ;
+------------------------------------------------------------------------------------------------------+--------------------+------+----+-------------+
; Device Name                                                                                          ; EP2C35F672C6       ;      ;    ;             ;
; Timing Models                                                                                        ; Final              ;      ;    ;             ;
; Default hold multicycle                                                                              ; Same as Multicycle ;      ;    ;             ;
; Cut paths between unrelated clock domains                                                            ; On                 ;      ;    ;             ;
; Cut off read during write signal paths                                                               ; On                 ;      ;    ;             ;
; Cut off feedback from I/O pins                                                                       ; On                 ;      ;    ;             ;
; Report Combined Fast/Slow Timing                                                                     ; Off                ;      ;    ;             ;
; Ignore Clock Settings                                                                                ; Off                ;      ;    ;             ;
; Analyze latches as synchronous elements                                                              ; On                 ;      ;    ;             ;
; Enable Recovery/Removal analysis                                                                     ; Off                ;      ;    ;             ;
; Enable Clock Latency                                                                                 ; Off                ;      ;    ;             ;
; Use TimeQuest Timing Analyzer                                                                        ; Off                ;      ;    ;             ;
; Minimum Core Junction Temperature                                                                    ; 0                  ;      ;    ;             ;
; Maximum Core Junction Temperature                                                                    ; 85                 ;      ;    ;             ;
; Number of source nodes to report per destination node                                                ; 10                 ;      ;    ;             ;
; Number of destination nodes to report                                                                ; 10                 ;      ;    ;             ;
; Number of paths to report                                                                            ; 200                ;      ;    ;             ;
; Report Minimum Timing Checks                                                                         ; Off                ;      ;    ;             ;
; Use Fast Timing Models                                                                               ; Off                ;      ;    ;             ;
; Report IO Paths Separately                                                                           ; Off                ;      ;    ;             ;
; Perform Multicorner Analysis                                                                         ; On                 ;      ;    ;             ;
; Reports the worst-case path for each clock domain and analysis                                       ; Off                ;      ;    ;             ;
; Reports worst-case timing paths for each clock domain and analysis                                   ; On                 ;      ;    ;             ;
; Specifies the maximum number of worst-case timing paths to report for each clock domain and analysis ; 100                ;      ;    ;             ;
; Removes common clock path pessimism (CCPP) during slack computation                                  ; Off                ;      ;    ;             ;
; Output I/O Timing Endpoint                                                                           ; Near End           ;      ;    ;             ;
+------------------------------------------------------------------------------------------------------+--------------------+------+----+-------------+


+------------------------------------------------------------------------------------------------------------------------------------------------------------------------------------+
; Clock Settings Summary                                                                                                                                                             ;
+-----------------+--------------------+----------+------------------+---------------+--------------+----------+-----------------------+---------------------+--------+--------------+
; Clock Node Name ; Clock Setting Name ; Type     ; Fmax Requirement ; Early Latency ; Late Latency ; Based on ; Multiply Base Fmax by ; Divide Base Fmax by ; Offset ; Phase offset ;
+-----------------+--------------------+----------+------------------+---------------+--------------+----------+-----------------------+---------------------+--------+--------------+
; clk             ;                    ; User Pin ; None             ; 0.000 ns      ; 0.000 ns     ; --       ; N/A                   ; N/A                 ; N/A    ;              ;
+-----------------+--------------------+----------+------------------+---------------+--------------+----------+-----------------------+---------------------+--------+--------------+


Parallel compilation was disabled, but you have multiple processors available. Enable parallel compilation to reduce compilation time.
+-------------------------------------+
; Parallel Compilation                ;
+----------------------------+--------+
; Processors                 ; Number ;
+----------------------------+--------+
; Number detected on machine ; 4      ;
; Maximum allowed            ; 1      ;
+----------------------------+--------+


+-------------------------------------------------------------------------------------------------------------------------------------------------------------------------------------------------------------------------------+
; Clock Setup: 'clk'                                                                                                                                                                                                            ;
+-----------------------------------------+-----------------------------------------------------+---------+---------+------------+----------+-----------------------------+---------------------------+-------------------------+
; Slack                                   ; Actual fmax (period)                                ; From    ; To      ; From Clock ; To Clock ; Required Setup Relationship ; Required Longest P2P Time ; Actual Longest P2P Time ;
+-----------------------------------------+-----------------------------------------------------+---------+---------+------------+----------+-----------------------------+---------------------------+-------------------------+
; N/A                                     ; 254.65 MHz ( period = 3.927 ns )                    ; cpt[23] ; cpt[16] ; clk        ; clk      ; None                        ; None                      ; 3.712 ns                ;
; N/A                                     ; 254.71 MHz ( period = 3.926 ns )                    ; cpt[23] ; cpt[11] ; clk        ; clk      ; None                        ; None                      ; 3.711 ns                ;
; N/A                                     ; 254.78 MHz ( period = 3.925 ns )                    ; cpt[23] ; clk_sig ; clk        ; clk      ; None                        ; None                      ; 3.710 ns                ;
; N/A                                     ; 254.84 MHz ( period = 3.924 ns )                    ; cpt[23] ; cpt[14] ; clk        ; clk      ; None                        ; None                      ; 3.709 ns                ;
; N/A                                     ; 254.97 MHz ( period = 3.922 ns )                    ; cpt[23] ; cpt[20] ; clk        ; clk      ; None                        ; None                      ; 3.707 ns                ;
; N/A                                     ; 255.04 MHz ( period = 3.921 ns )                    ; cpt[23] ; cpt[12] ; clk        ; clk      ; None                        ; None                      ; 3.706 ns                ;
; N/A                                     ; 255.04 MHz ( period = 3.921 ns )                    ; cpt[23] ; cpt[13] ; clk        ; clk      ; None                        ; None                      ; 3.706 ns                ;
; N/A                                     ; 255.10 MHz ( period = 3.920 ns )                    ; cpt[23] ; cpt[21] ; clk        ; clk      ; None                        ; None                      ; 3.705 ns                ;
; N/A                                     ; 255.17 MHz ( period = 3.919 ns )                    ; cpt[23] ; cpt[18] ; clk        ; clk      ; None                        ; None                      ; 3.704 ns                ;
; N/A                                     ; 255.30 MHz ( period = 3.917 ns )                    ; cpt[23] ; cpt[19] ; clk        ; clk      ; None                        ; None                      ; 3.702 ns                ;
; N/A                                     ; 260.89 MHz ( period = 3.833 ns )                    ; cpt[0]  ; cpt[24] ; clk        ; clk      ; None                        ; None                      ; 3.611 ns                ;
; N/A                                     ; 261.92 MHz ( period = 3.818 ns )                    ; cpt[17] ; cpt[16] ; clk        ; clk      ; None                        ; None                      ; 3.603 ns                ;
; N/A                                     ; 261.99 MHz ( period = 3.817 ns )                    ; cpt[17] ; cpt[11] ; clk        ; clk      ; None                        ; None                      ; 3.602 ns                ;
; N/A                                     ; 262.05 MHz ( period = 3.816 ns )                    ; cpt[17] ; clk_sig ; clk        ; clk      ; None                        ; None                      ; 3.601 ns                ;
; N/A                                     ; 262.12 MHz ( period = 3.815 ns )                    ; cpt[17] ; cpt[14] ; clk        ; clk      ; None                        ; None                      ; 3.600 ns                ;
; N/A                                     ; 262.26 MHz ( period = 3.813 ns )                    ; cpt[17] ; cpt[20] ; clk        ; clk      ; None                        ; None                      ; 3.598 ns                ;
; N/A                                     ; 262.33 MHz ( period = 3.812 ns )                    ; cpt[17] ; cpt[12] ; clk        ; clk      ; None                        ; None                      ; 3.597 ns                ;
; N/A                                     ; 262.33 MHz ( period = 3.812 ns )                    ; cpt[17] ; cpt[13] ; clk        ; clk      ; None                        ; None                      ; 3.597 ns                ;
; N/A                                     ; 262.40 MHz ( period = 3.811 ns )                    ; cpt[17] ; cpt[21] ; clk        ; clk      ; None                        ; None                      ; 3.596 ns                ;
; N/A                                     ; 262.47 MHz ( period = 3.810 ns )                    ; cpt[17] ; cpt[18] ; clk        ; clk      ; None                        ; None                      ; 3.595 ns                ;
; N/A                                     ; 262.61 MHz ( period = 3.808 ns )                    ; cpt[17] ; cpt[19] ; clk        ; clk      ; None                        ; None                      ; 3.593 ns                ;
; N/A                                     ; 262.74 MHz ( period = 3.806 ns )                    ; cpt[1]  ; cpt[24] ; clk        ; clk      ; None                        ; None                      ; 3.584 ns                ;
; N/A                                     ; 264.41 MHz ( period = 3.782 ns )                    ; cpt[22] ; cpt[16] ; clk        ; clk      ; None                        ; None                      ; 3.567 ns                ;
; N/A                                     ; 264.48 MHz ( period = 3.781 ns )                    ; cpt[22] ; cpt[11] ; clk        ; clk      ; None                        ; None                      ; 3.566 ns                ;
; N/A                                     ; 264.55 MHz ( period = 3.780 ns )                    ; cpt[22] ; clk_sig ; clk        ; clk      ; None                        ; None                      ; 3.565 ns                ;
; N/A                                     ; 264.62 MHz ( period = 3.779 ns )                    ; cpt[22] ; cpt[14] ; clk        ; clk      ; None                        ; None                      ; 3.564 ns                ;
; N/A                                     ; 264.76 MHz ( period = 3.777 ns )                    ; cpt[22] ; cpt[20] ; clk        ; clk      ; None                        ; None                      ; 3.562 ns                ;
; N/A                                     ; 264.83 MHz ( period = 3.776 ns )                    ; cpt[22] ; cpt[12] ; clk        ; clk      ; None                        ; None                      ; 3.561 ns                ;
; N/A                                     ; 264.83 MHz ( period = 3.776 ns )                    ; cpt[22] ; cpt[13] ; clk        ; clk      ; None                        ; None                      ; 3.561 ns                ;
; N/A                                     ; 264.83 MHz ( period = 3.776 ns )                    ; cpt[27] ; cpt[16] ; clk        ; clk      ; None                        ; None                      ; 3.561 ns                ;
; N/A                                     ; 264.90 MHz ( period = 3.775 ns )                    ; cpt[27] ; cpt[11] ; clk        ; clk      ; None                        ; None                      ; 3.560 ns                ;
; N/A                                     ; 264.90 MHz ( period = 3.775 ns )                    ; cpt[22] ; cpt[21] ; clk        ; clk      ; None                        ; None                      ; 3.560 ns                ;
; N/A                                     ; 264.97 MHz ( period = 3.774 ns )                    ; cpt[22] ; cpt[18] ; clk        ; clk      ; None                        ; None                      ; 3.559 ns                ;
; N/A                                     ; 264.97 MHz ( period = 3.774 ns )                    ; cpt[27] ; clk_sig ; clk        ; clk      ; None                        ; None                      ; 3.559 ns                ;
; N/A                                     ; 265.04 MHz ( period = 3.773 ns )                    ; cpt[27] ; cpt[14] ; clk        ; clk      ; None                        ; None                      ; 3.558 ns                ;
; N/A                                     ; 265.11 MHz ( period = 3.772 ns )                    ; cpt[22] ; cpt[19] ; clk        ; clk      ; None                        ; None                      ; 3.557 ns                ;
; N/A                                     ; 265.18 MHz ( period = 3.771 ns )                    ; cpt[27] ; cpt[20] ; clk        ; clk      ; None                        ; None                      ; 3.556 ns                ;
; N/A                                     ; 265.25 MHz ( period = 3.770 ns )                    ; cpt[27] ; cpt[12] ; clk        ; clk      ; None                        ; None                      ; 3.555 ns                ;
; N/A                                     ; 265.25 MHz ( period = 3.770 ns )                    ; cpt[27] ; cpt[13] ; clk        ; clk      ; None                        ; None                      ; 3.555 ns                ;
; N/A                                     ; 265.32 MHz ( period = 3.769 ns )                    ; cpt[27] ; cpt[21] ; clk        ; clk      ; None                        ; None                      ; 3.554 ns                ;
; N/A                                     ; 265.39 MHz ( period = 3.768 ns )                    ; cpt[27] ; cpt[18] ; clk        ; clk      ; None                        ; None                      ; 3.553 ns                ;
; N/A                                     ; 265.53 MHz ( period = 3.766 ns )                    ; cpt[27] ; cpt[19] ; clk        ; clk      ; None                        ; None                      ; 3.551 ns                ;
; N/A                                     ; 269.98 MHz ( period = 3.704 ns )                    ; cpt[0]  ; cpt[16] ; clk        ; clk      ; None                        ; None                      ; 3.481 ns                ;
; N/A                                     ; 270.05 MHz ( period = 3.703 ns )                    ; cpt[0]  ; cpt[11] ; clk        ; clk      ; None                        ; None                      ; 3.480 ns                ;
; N/A                                     ; 270.12 MHz ( period = 3.702 ns )                    ; cpt[15] ; cpt[16] ; clk        ; clk      ; None                        ; None                      ; 3.487 ns                ;
; N/A                                     ; 270.12 MHz ( period = 3.702 ns )                    ; cpt[0]  ; clk_sig ; clk        ; clk      ; None                        ; None                      ; 3.479 ns                ;
; N/A                                     ; 270.20 MHz ( period = 3.701 ns )                    ; cpt[15] ; cpt[11] ; clk        ; clk      ; None                        ; None                      ; 3.486 ns                ;
; N/A                                     ; 270.20 MHz ( period = 3.701 ns )                    ; cpt[0]  ; cpt[14] ; clk        ; clk      ; None                        ; None                      ; 3.478 ns                ;
; N/A                                     ; 270.27 MHz ( period = 3.700 ns )                    ; cpt[2]  ; cpt[24] ; clk        ; clk      ; None                        ; None                      ; 3.478 ns                ;
; N/A                                     ; 270.27 MHz ( period = 3.700 ns )                    ; cpt[15] ; clk_sig ; clk        ; clk      ; None                        ; None                      ; 3.485 ns                ;
; N/A                                     ; 270.34 MHz ( period = 3.699 ns )                    ; cpt[0]  ; cpt[20] ; clk        ; clk      ; None                        ; None                      ; 3.476 ns                ;
; N/A                                     ; 270.34 MHz ( period = 3.699 ns )                    ; cpt[15] ; cpt[14] ; clk        ; clk      ; None                        ; None                      ; 3.484 ns                ;
; N/A                                     ; 270.42 MHz ( period = 3.698 ns )                    ; cpt[0]  ; cpt[12] ; clk        ; clk      ; None                        ; None                      ; 3.475 ns                ;
; N/A                                     ; 270.42 MHz ( period = 3.698 ns )                    ; cpt[0]  ; cpt[13] ; clk        ; clk      ; None                        ; None                      ; 3.475 ns                ;
; N/A                                     ; 270.49 MHz ( period = 3.697 ns )                    ; cpt[0]  ; cpt[21] ; clk        ; clk      ; None                        ; None                      ; 3.474 ns                ;
; N/A                                     ; 270.49 MHz ( period = 3.697 ns )                    ; cpt[15] ; cpt[20] ; clk        ; clk      ; None                        ; None                      ; 3.482 ns                ;
; N/A                                     ; 270.56 MHz ( period = 3.696 ns )                    ; cpt[15] ; cpt[12] ; clk        ; clk      ; None                        ; None                      ; 3.481 ns                ;
; N/A                                     ; 270.56 MHz ( period = 3.696 ns )                    ; cpt[0]  ; cpt[18] ; clk        ; clk      ; None                        ; None                      ; 3.473 ns                ;
; N/A                                     ; 270.56 MHz ( period = 3.696 ns )                    ; cpt[15] ; cpt[13] ; clk        ; clk      ; None                        ; None                      ; 3.481 ns                ;
; N/A                                     ; 270.64 MHz ( period = 3.695 ns )                    ; cpt[15] ; cpt[21] ; clk        ; clk      ; None                        ; None                      ; 3.480 ns                ;
; N/A                                     ; 270.71 MHz ( period = 3.694 ns )                    ; cpt[15] ; cpt[18] ; clk        ; clk      ; None                        ; None                      ; 3.479 ns                ;
; N/A                                     ; 270.71 MHz ( period = 3.694 ns )                    ; cpt[0]  ; cpt[19] ; clk        ; clk      ; None                        ; None                      ; 3.471 ns                ;
; N/A                                     ; 270.86 MHz ( period = 3.692 ns )                    ; cpt[0]  ; cpt[22] ; clk        ; clk      ; None                        ; None                      ; 3.470 ns                ;
; N/A                                     ; 270.86 MHz ( period = 3.692 ns )                    ; cpt[15] ; cpt[19] ; clk        ; clk      ; None                        ; None                      ; 3.477 ns                ;
; N/A                                     ; 272.63 MHz ( period = 3.668 ns )                    ; cpt[23] ; cpt[22] ; clk        ; clk      ; None                        ; None                      ; 3.454 ns                ;
; N/A                                     ; 272.63 MHz ( period = 3.668 ns )                    ; cpt[21] ; cpt[16] ; clk        ; clk      ; None                        ; None                      ; 3.454 ns                ;
; N/A                                     ; 272.70 MHz ( period = 3.667 ns )                    ; cpt[21] ; cpt[11] ; clk        ; clk      ; None                        ; None                      ; 3.453 ns                ;
; N/A                                     ; 272.70 MHz ( period = 3.667 ns )                    ; cpt[23] ; cpt[24] ; clk        ; clk      ; None                        ; None                      ; 3.453 ns                ;
; N/A                                     ; 272.78 MHz ( period = 3.666 ns )                    ; cpt[21] ; clk_sig ; clk        ; clk      ; None                        ; None                      ; 3.452 ns                ;
; N/A                                     ; 272.85 MHz ( period = 3.665 ns )                    ; cpt[1]  ; cpt[22] ; clk        ; clk      ; None                        ; None                      ; 3.443 ns                ;
; N/A                                     ; 272.85 MHz ( period = 3.665 ns )                    ; cpt[3]  ; cpt[24] ; clk        ; clk      ; None                        ; None                      ; 3.443 ns                ;
; N/A                                     ; 272.85 MHz ( period = 3.665 ns )                    ; cpt[21] ; cpt[14] ; clk        ; clk      ; None                        ; None                      ; 3.451 ns                ;
; N/A                                     ; 273.00 MHz ( period = 3.663 ns )                    ; cpt[21] ; cpt[20] ; clk        ; clk      ; None                        ; None                      ; 3.449 ns                ;
; N/A                                     ; 273.07 MHz ( period = 3.662 ns )                    ; cpt[21] ; cpt[12] ; clk        ; clk      ; None                        ; None                      ; 3.448 ns                ;
; N/A                                     ; 273.07 MHz ( period = 3.662 ns )                    ; cpt[21] ; cpt[13] ; clk        ; clk      ; None                        ; None                      ; 3.448 ns                ;
; N/A                                     ; 273.15 MHz ( period = 3.661 ns )                    ; cpt[21] ; cpt[21] ; clk        ; clk      ; None                        ; None                      ; 3.447 ns                ;
; N/A                                     ; 273.22 MHz ( period = 3.660 ns )                    ; cpt[21] ; cpt[18] ; clk        ; clk      ; None                        ; None                      ; 3.446 ns                ;
; N/A                                     ; 273.37 MHz ( period = 3.658 ns )                    ; cpt[21] ; cpt[19] ; clk        ; clk      ; None                        ; None                      ; 3.444 ns                ;
; N/A                                     ; 273.75 MHz ( period = 3.653 ns )                    ; cpt[1]  ; cpt[21] ; clk        ; clk      ; None                        ; None                      ; 3.430 ns                ;
; N/A                                     ; 276.40 MHz ( period = 3.618 ns )                    ; cpt[9]  ; cpt[16] ; clk        ; clk      ; None                        ; None                      ; 3.395 ns                ;
; N/A                                     ; 276.47 MHz ( period = 3.617 ns )                    ; cpt[9]  ; cpt[11] ; clk        ; clk      ; None                        ; None                      ; 3.394 ns                ;
; N/A                                     ; 276.55 MHz ( period = 3.616 ns )                    ; cpt[9]  ; clk_sig ; clk        ; clk      ; None                        ; None                      ; 3.393 ns                ;
; N/A                                     ; 276.63 MHz ( period = 3.615 ns )                    ; cpt[1]  ; cpt[20] ; clk        ; clk      ; None                        ; None                      ; 3.392 ns                ;
; N/A                                     ; 276.63 MHz ( period = 3.615 ns )                    ; cpt[9]  ; cpt[14] ; clk        ; clk      ; None                        ; None                      ; 3.392 ns                ;
; N/A                                     ; 276.78 MHz ( period = 3.613 ns )                    ; cpt[9]  ; cpt[20] ; clk        ; clk      ; None                        ; None                      ; 3.390 ns                ;
; N/A                                     ; 276.85 MHz ( period = 3.612 ns )                    ; cpt[9]  ; cpt[12] ; clk        ; clk      ; None                        ; None                      ; 3.389 ns                ;
; N/A                                     ; 276.85 MHz ( period = 3.612 ns )                    ; cpt[9]  ; cpt[13] ; clk        ; clk      ; None                        ; None                      ; 3.389 ns                ;
; N/A                                     ; 276.93 MHz ( period = 3.611 ns )                    ; cpt[9]  ; cpt[21] ; clk        ; clk      ; None                        ; None                      ; 3.388 ns                ;
; N/A                                     ; 277.01 MHz ( period = 3.610 ns )                    ; cpt[9]  ; cpt[18] ; clk        ; clk      ; None                        ; None                      ; 3.387 ns                ;
; N/A                                     ; 277.16 MHz ( period = 3.608 ns )                    ; cpt[9]  ; cpt[19] ; clk        ; clk      ; None                        ; None                      ; 3.385 ns                ;
; N/A                                     ; 277.32 MHz ( period = 3.606 ns )                    ; cpt[18] ; cpt[16] ; clk        ; clk      ; None                        ; None                      ; 3.392 ns                ;
; N/A                                     ; 277.39 MHz ( period = 3.605 ns )                    ; cpt[18] ; cpt[11] ; clk        ; clk      ; None                        ; None                      ; 3.391 ns                ;
; N/A                                     ; 277.47 MHz ( period = 3.604 ns )                    ; cpt[18] ; clk_sig ; clk        ; clk      ; None                        ; None                      ; 3.390 ns                ;
; N/A                                     ; 277.55 MHz ( period = 3.603 ns )                    ; cpt[18] ; cpt[14] ; clk        ; clk      ; None                        ; None                      ; 3.389 ns                ;
; N/A                                     ; 277.70 MHz ( period = 3.601 ns )                    ; cpt[18] ; cpt[20] ; clk        ; clk      ; None                        ; None                      ; 3.387 ns                ;
; N/A                                     ; 277.78 MHz ( period = 3.600 ns )                    ; cpt[18] ; cpt[12] ; clk        ; clk      ; None                        ; None                      ; 3.386 ns                ;
; N/A                                     ; 277.78 MHz ( period = 3.600 ns )                    ; cpt[18] ; cpt[13] ; clk        ; clk      ; None                        ; None                      ; 3.386 ns                ;
; N/A                                     ; 277.78 MHz ( period = 3.600 ns )                    ; cpt[10] ; cpt[16] ; clk        ; clk      ; None                        ; None                      ; 3.377 ns                ;
; N/A                                     ; 277.85 MHz ( period = 3.599 ns )                    ; cpt[10] ; cpt[11] ; clk        ; clk      ; None                        ; None                      ; 3.376 ns                ;
; N/A                                     ; 277.85 MHz ( period = 3.599 ns )                    ; cpt[18] ; cpt[21] ; clk        ; clk      ; None                        ; None                      ; 3.385 ns                ;
; N/A                                     ; 277.93 MHz ( period = 3.598 ns )                    ; cpt[18] ; cpt[18] ; clk        ; clk      ; None                        ; None                      ; 3.384 ns                ;
; N/A                                     ; 277.93 MHz ( period = 3.598 ns )                    ; cpt[10] ; clk_sig ; clk        ; clk      ; None                        ; None                      ; 3.375 ns                ;
; N/A                                     ; 278.01 MHz ( period = 3.597 ns )                    ; cpt[10] ; cpt[14] ; clk        ; clk      ; None                        ; None                      ; 3.374 ns                ;
; N/A                                     ; 278.09 MHz ( period = 3.596 ns )                    ; cpt[18] ; cpt[19] ; clk        ; clk      ; None                        ; None                      ; 3.382 ns                ;
; N/A                                     ; 278.16 MHz ( period = 3.595 ns )                    ; cpt[10] ; cpt[20] ; clk        ; clk      ; None                        ; None                      ; 3.372 ns                ;
; N/A                                     ; 278.24 MHz ( period = 3.594 ns )                    ; cpt[10] ; cpt[12] ; clk        ; clk      ; None                        ; None                      ; 3.371 ns                ;
; N/A                                     ; 278.24 MHz ( period = 3.594 ns )                    ; cpt[4]  ; cpt[24] ; clk        ; clk      ; None                        ; None                      ; 3.372 ns                ;
; N/A                                     ; 278.24 MHz ( period = 3.594 ns )                    ; cpt[10] ; cpt[13] ; clk        ; clk      ; None                        ; None                      ; 3.371 ns                ;
; N/A                                     ; 278.32 MHz ( period = 3.593 ns )                    ; cpt[10] ; cpt[21] ; clk        ; clk      ; None                        ; None                      ; 3.370 ns                ;
; N/A                                     ; 278.40 MHz ( period = 3.592 ns )                    ; cpt[10] ; cpt[18] ; clk        ; clk      ; None                        ; None                      ; 3.369 ns                ;
; N/A                                     ; 278.55 MHz ( period = 3.590 ns )                    ; cpt[10] ; cpt[19] ; clk        ; clk      ; None                        ; None                      ; 3.367 ns                ;
; N/A                                     ; 279.96 MHz ( period = 3.572 ns )                    ; cpt[24] ; cpt[16] ; clk        ; clk      ; None                        ; None                      ; 3.357 ns                ;
; N/A                                     ; 280.03 MHz ( period = 3.571 ns )                    ; cpt[24] ; cpt[11] ; clk        ; clk      ; None                        ; None                      ; 3.356 ns                ;
; N/A                                     ; 280.11 MHz ( period = 3.570 ns )                    ; cpt[24] ; clk_sig ; clk        ; clk      ; None                        ; None                      ; 3.355 ns                ;
; N/A                                     ; 280.19 MHz ( period = 3.569 ns )                    ; cpt[24] ; cpt[14] ; clk        ; clk      ; None                        ; None                      ; 3.354 ns                ;
; N/A                                     ; 280.35 MHz ( period = 3.567 ns )                    ; cpt[24] ; cpt[20] ; clk        ; clk      ; None                        ; None                      ; 3.352 ns                ;
; N/A                                     ; 280.43 MHz ( period = 3.566 ns )                    ; cpt[24] ; cpt[12] ; clk        ; clk      ; None                        ; None                      ; 3.351 ns                ;
; N/A                                     ; 280.43 MHz ( period = 3.566 ns )                    ; cpt[24] ; cpt[13] ; clk        ; clk      ; None                        ; None                      ; 3.351 ns                ;
; N/A                                     ; 280.50 MHz ( period = 3.565 ns )                    ; cpt[24] ; cpt[21] ; clk        ; clk      ; None                        ; None                      ; 3.350 ns                ;
; N/A                                     ; 280.58 MHz ( period = 3.564 ns )                    ; cpt[24] ; cpt[18] ; clk        ; clk      ; None                        ; None                      ; 3.349 ns                ;
; N/A                                     ; 280.74 MHz ( period = 3.562 ns )                    ; cpt[24] ; cpt[19] ; clk        ; clk      ; None                        ; None                      ; 3.347 ns                ;
; N/A                                     ; 280.98 MHz ( period = 3.559 ns )                    ; cpt[2]  ; cpt[22] ; clk        ; clk      ; None                        ; None                      ; 3.337 ns                ;
; N/A                                     ; 280.98 MHz ( period = 3.559 ns )                    ; cpt[17] ; cpt[22] ; clk        ; clk      ; None                        ; None                      ; 3.345 ns                ;
; N/A                                     ; 281.06 MHz ( period = 3.558 ns )                    ; cpt[17] ; cpt[24] ; clk        ; clk      ; None                        ; None                      ; 3.344 ns                ;
; N/A                                     ; 281.06 MHz ( period = 3.558 ns )                    ; cpt[1]  ; cpt[13] ; clk        ; clk      ; None                        ; None                      ; 3.335 ns                ;
; N/A                                     ; 281.37 MHz ( period = 3.554 ns )                    ; cpt[1]  ; cpt[19] ; clk        ; clk      ; None                        ; None                      ; 3.331 ns                ;
; N/A                                     ; 281.93 MHz ( period = 3.547 ns )                    ; cpt[2]  ; cpt[21] ; clk        ; clk      ; None                        ; None                      ; 3.324 ns                ;
; N/A                                     ; 283.77 MHz ( period = 3.524 ns )                    ; cpt[3]  ; cpt[22] ; clk        ; clk      ; None                        ; None                      ; 3.302 ns                ;
; N/A                                     ; 283.85 MHz ( period = 3.523 ns )                    ; cpt[22] ; cpt[22] ; clk        ; clk      ; None                        ; None                      ; 3.309 ns                ;
; N/A                                     ; 283.93 MHz ( period = 3.522 ns )                    ; cpt[22] ; cpt[24] ; clk        ; clk      ; None                        ; None                      ; 3.308 ns                ;
; N/A                                     ; 284.01 MHz ( period = 3.521 ns )                    ; cpt[25] ; cpt[16] ; clk        ; clk      ; None                        ; None                      ; 3.306 ns                ;
; N/A                                     ; 284.09 MHz ( period = 3.520 ns )                    ; cpt[25] ; cpt[11] ; clk        ; clk      ; None                        ; None                      ; 3.305 ns                ;
; N/A                                     ; 284.17 MHz ( period = 3.519 ns )                    ; cpt[25] ; clk_sig ; clk        ; clk      ; None                        ; None                      ; 3.304 ns                ;
; N/A                                     ; 284.25 MHz ( period = 3.518 ns )                    ; cpt[1]  ; cpt[16] ; clk        ; clk      ; None                        ; None                      ; 3.295 ns                ;
; N/A                                     ; 284.25 MHz ( period = 3.518 ns )                    ; cpt[25] ; cpt[14] ; clk        ; clk      ; None                        ; None                      ; 3.303 ns                ;
; N/A                                     ; 284.33 MHz ( period = 3.517 ns )                    ; cpt[27] ; cpt[22] ; clk        ; clk      ; None                        ; None                      ; 3.303 ns                ;
; N/A                                     ; 284.41 MHz ( period = 3.516 ns )                    ; cpt[27] ; cpt[24] ; clk        ; clk      ; None                        ; None                      ; 3.302 ns                ;
; N/A                                     ; 284.41 MHz ( period = 3.516 ns )                    ; cpt[25] ; cpt[20] ; clk        ; clk      ; None                        ; None                      ; 3.301 ns                ;
; N/A                                     ; 284.50 MHz ( period = 3.515 ns )                    ; cpt[25] ; cpt[12] ; clk        ; clk      ; None                        ; None                      ; 3.300 ns                ;
; N/A                                     ; 284.50 MHz ( period = 3.515 ns )                    ; cpt[25] ; cpt[13] ; clk        ; clk      ; None                        ; None                      ; 3.300 ns                ;
; N/A                                     ; 284.50 MHz ( period = 3.515 ns )                    ; cpt[0]  ; cpt[27] ; clk        ; clk      ; None                        ; None                      ; 3.293 ns                ;
; N/A                                     ; 284.58 MHz ( period = 3.514 ns )                    ; cpt[25] ; cpt[21] ; clk        ; clk      ; None                        ; None                      ; 3.299 ns                ;
; N/A                                     ; 284.66 MHz ( period = 3.513 ns )                    ; cpt[25] ; cpt[18] ; clk        ; clk      ; None                        ; None                      ; 3.298 ns                ;
; N/A                                     ; 284.74 MHz ( period = 3.512 ns )                    ; cpt[3]  ; cpt[21] ; clk        ; clk      ; None                        ; None                      ; 3.289 ns                ;
; N/A                                     ; 284.82 MHz ( period = 3.511 ns )                    ; cpt[25] ; cpt[19] ; clk        ; clk      ; None                        ; None                      ; 3.296 ns                ;
; N/A                                     ; 284.98 MHz ( period = 3.509 ns )                    ; cpt[2]  ; cpt[20] ; clk        ; clk      ; None                        ; None                      ; 3.286 ns                ;
; N/A                                     ; 285.88 MHz ( period = 3.498 ns )                    ; cpt[6]  ; cpt[24] ; clk        ; clk      ; None                        ; None                      ; 3.277 ns                ;
; N/A                                     ; 286.04 MHz ( period = 3.496 ns )                    ; cpt[20] ; cpt[16] ; clk        ; clk      ; None                        ; None                      ; 3.282 ns                ;
; N/A                                     ; 286.12 MHz ( period = 3.495 ns )                    ; cpt[20] ; cpt[11] ; clk        ; clk      ; None                        ; None                      ; 3.281 ns                ;
; N/A                                     ; 286.20 MHz ( period = 3.494 ns )                    ; cpt[20] ; clk_sig ; clk        ; clk      ; None                        ; None                      ; 3.280 ns                ;
; N/A                                     ; 286.29 MHz ( period = 3.493 ns )                    ; cpt[20] ; cpt[14] ; clk        ; clk      ; None                        ; None                      ; 3.279 ns                ;
; N/A                                     ; 286.45 MHz ( period = 3.491 ns )                    ; cpt[5]  ; cpt[24] ; clk        ; clk      ; None                        ; None                      ; 3.269 ns                ;
; N/A                                     ; 286.45 MHz ( period = 3.491 ns )                    ; cpt[20] ; cpt[20] ; clk        ; clk      ; None                        ; None                      ; 3.277 ns                ;
; N/A                                     ; 286.45 MHz ( period = 3.491 ns )                    ; cpt[13] ; cpt[16] ; clk        ; clk      ; None                        ; None                      ; 3.277 ns                ;
; N/A                                     ; 286.53 MHz ( period = 3.490 ns )                    ; cpt[20] ; cpt[12] ; clk        ; clk      ; None                        ; None                      ; 3.276 ns                ;
; N/A                                     ; 286.53 MHz ( period = 3.490 ns )                    ; cpt[13] ; cpt[11] ; clk        ; clk      ; None                        ; None                      ; 3.276 ns                ;
; N/A                                     ; 286.53 MHz ( period = 3.490 ns )                    ; cpt[20] ; cpt[13] ; clk        ; clk      ; None                        ; None                      ; 3.276 ns                ;
; N/A                                     ; 286.62 MHz ( period = 3.489 ns )                    ; cpt[20] ; cpt[21] ; clk        ; clk      ; None                        ; None                      ; 3.275 ns                ;
; N/A                                     ; 286.62 MHz ( period = 3.489 ns )                    ; cpt[13] ; clk_sig ; clk        ; clk      ; None                        ; None                      ; 3.275 ns                ;
; N/A                                     ; 286.70 MHz ( period = 3.488 ns )                    ; cpt[20] ; cpt[18] ; clk        ; clk      ; None                        ; None                      ; 3.274 ns                ;
; N/A                                     ; 286.70 MHz ( period = 3.488 ns )                    ; cpt[13] ; cpt[14] ; clk        ; clk      ; None                        ; None                      ; 3.274 ns                ;
; N/A                                     ; 286.70 MHz ( period = 3.488 ns )                    ; cpt[1]  ; cpt[27] ; clk        ; clk      ; None                        ; None                      ; 3.266 ns                ;
; N/A                                     ; 286.86 MHz ( period = 3.486 ns )                    ; cpt[13] ; cpt[20] ; clk        ; clk      ; None                        ; None                      ; 3.272 ns                ;
; N/A                                     ; 286.86 MHz ( period = 3.486 ns )                    ; cpt[20] ; cpt[19] ; clk        ; clk      ; None                        ; None                      ; 3.272 ns                ;
; N/A                                     ; 286.94 MHz ( period = 3.485 ns )                    ; cpt[13] ; cpt[12] ; clk        ; clk      ; None                        ; None                      ; 3.271 ns                ;
; N/A                                     ; 286.94 MHz ( period = 3.485 ns )                    ; cpt[13] ; cpt[13] ; clk        ; clk      ; None                        ; None                      ; 3.271 ns                ;
; N/A                                     ; 287.03 MHz ( period = 3.484 ns )                    ; cpt[13] ; cpt[21] ; clk        ; clk      ; None                        ; None                      ; 3.270 ns                ;
; N/A                                     ; 287.11 MHz ( period = 3.483 ns )                    ; cpt[13] ; cpt[18] ; clk        ; clk      ; None                        ; None                      ; 3.269 ns                ;
; N/A                                     ; 287.27 MHz ( period = 3.481 ns )                    ; cpt[13] ; cpt[19] ; clk        ; clk      ; None                        ; None                      ; 3.267 ns                ;
; N/A                                     ; 287.36 MHz ( period = 3.480 ns )                    ; cpt[1]  ; cpt[18] ; clk        ; clk      ; None                        ; None                      ; 3.257 ns                ;
; N/A                                     ; 287.85 MHz ( period = 3.474 ns )                    ; cpt[3]  ; cpt[20] ; clk        ; clk      ; None                        ; None                      ; 3.251 ns                ;
; N/A                                     ; 288.85 MHz ( period = 3.462 ns )                    ; cpt[1]  ; cpt[12] ; clk        ; clk      ; None                        ; None                      ; 3.239 ns                ;
; N/A                                     ; 289.60 MHz ( period = 3.453 ns )                    ; cpt[4]  ; cpt[22] ; clk        ; clk      ; None                        ; None                      ; 3.231 ns                ;
; N/A                                     ; 289.69 MHz ( period = 3.452 ns )                    ; cpt[2]  ; cpt[13] ; clk        ; clk      ; None                        ; None                      ; 3.229 ns                ;
; N/A                                     ; 290.02 MHz ( period = 3.448 ns )                    ; cpt[2]  ; cpt[19] ; clk        ; clk      ; None                        ; None                      ; 3.225 ns                ;
; N/A                                     ; 290.36 MHz ( period = 3.444 ns )                    ; cpt[0]  ; cpt[26] ; clk        ; clk      ; None                        ; None                      ; 3.222 ns                ;
; N/A                                     ; 290.44 MHz ( period = 3.443 ns )                    ; cpt[15] ; cpt[22] ; clk        ; clk      ; None                        ; None                      ; 3.229 ns                ;
; N/A                                     ; 290.53 MHz ( period = 3.442 ns )                    ; cpt[15] ; cpt[24] ; clk        ; clk      ; None                        ; None                      ; 3.228 ns                ;
; N/A                                     ; 290.61 MHz ( period = 3.441 ns )                    ; cpt[4]  ; cpt[21] ; clk        ; clk      ; None                        ; None                      ; 3.218 ns                ;
; N/A                                     ; 292.40 MHz ( period = 3.420 ns )                    ; cpt[11] ; cpt[24] ; clk        ; clk      ; None                        ; None                      ; 3.207 ns                ;
; N/A                                     ; 292.65 MHz ( period = 3.417 ns )                    ; cpt[3]  ; cpt[13] ; clk        ; clk      ; None                        ; None                      ; 3.194 ns                ;
; N/A                                     ; 292.65 MHz ( period = 3.417 ns )                    ; cpt[1]  ; cpt[26] ; clk        ; clk      ; None                        ; None                      ; 3.195 ns                ;
; N/A                                     ; 293.00 MHz ( period = 3.413 ns )                    ; cpt[3]  ; cpt[19] ; clk        ; clk      ; None                        ; None                      ; 3.190 ns                ;
; N/A                                     ; 293.08 MHz ( period = 3.412 ns )                    ; cpt[2]  ; cpt[16] ; clk        ; clk      ; None                        ; None                      ; 3.189 ns                ;
; N/A                                     ; 293.34 MHz ( period = 3.409 ns )                    ; cpt[1]  ; cpt[11] ; clk        ; clk      ; None                        ; None                      ; 3.186 ns                ;
; N/A                                     ; 293.34 MHz ( period = 3.409 ns )                    ; cpt[21] ; cpt[22] ; clk        ; clk      ; None                        ; None                      ; 3.196 ns                ;
; N/A                                     ; 293.43 MHz ( period = 3.408 ns )                    ; cpt[21] ; cpt[24] ; clk        ; clk      ; None                        ; None                      ; 3.195 ns                ;
; N/A                                     ; 293.86 MHz ( period = 3.403 ns )                    ; cpt[4]  ; cpt[20] ; clk        ; clk      ; None                        ; None                      ; 3.180 ns                ;
; N/A                                     ; 294.64 MHz ( period = 3.394 ns )                    ; cpt[12] ; cpt[24] ; clk        ; clk      ; None                        ; None                      ; 3.181 ns                ;
; N/A                                     ; 295.68 MHz ( period = 3.382 ns )                    ; cpt[2]  ; cpt[27] ; clk        ; clk      ; None                        ; None                      ; 3.160 ns                ;
; N/A                                     ; 295.86 MHz ( period = 3.380 ns )                    ; cpt[2]  ; cpt[11] ; clk        ; clk      ; None                        ; None                      ; 3.157 ns                ;
; N/A                                     ; 295.95 MHz ( period = 3.379 ns )                    ; cpt[2]  ; clk_sig ; clk        ; clk      ; None                        ; None                      ; 3.156 ns                ;
; N/A                                     ; 296.03 MHz ( period = 3.378 ns )                    ; cpt[2]  ; cpt[14] ; clk        ; clk      ; None                        ; None                      ; 3.155 ns                ;
; N/A                                     ; 296.12 MHz ( period = 3.377 ns )                    ; cpt[3]  ; cpt[16] ; clk        ; clk      ; None                        ; None                      ; 3.154 ns                ;
; N/A                                     ; 296.12 MHz ( period = 3.377 ns )                    ; cpt[16] ; cpt[16] ; clk        ; clk      ; None                        ; None                      ; 3.163 ns                ;
; N/A                                     ; 296.21 MHz ( period = 3.376 ns )                    ; cpt[16] ; cpt[11] ; clk        ; clk      ; None                        ; None                      ; 3.162 ns                ;
; N/A                                     ; 296.30 MHz ( period = 3.375 ns )                    ; cpt[2]  ; cpt[12] ; clk        ; clk      ; None                        ; None                      ; 3.152 ns                ;
; N/A                                     ; 296.30 MHz ( period = 3.375 ns )                    ; cpt[16] ; clk_sig ; clk        ; clk      ; None                        ; None                      ; 3.161 ns                ;
; N/A                                     ; 296.38 MHz ( period = 3.374 ns )                    ; cpt[2]  ; cpt[18] ; clk        ; clk      ; None                        ; None                      ; 3.151 ns                ;
; N/A                                     ; 296.38 MHz ( period = 3.374 ns )                    ; cpt[16] ; cpt[14] ; clk        ; clk      ; None                        ; None                      ; 3.160 ns                ;
; Timing analysis restricted to 200 rows. ; To change the limit use Settings (Assignments menu) ;         ;         ;            ;          ;                             ;                           ;                         ;
+-----------------------------------------+-----------------------------------------------------+---------+---------+------------+----------+-----------------------------+---------------------------+-------------------------+


+--------------------------------------------------------------------+
; tco                                                                ;
+-------+--------------+------------+---------+---------+------------+
; Slack ; Required tco ; Actual tco ; From    ; To      ; From Clock ;
+-------+--------------+------------+---------+---------+------------+
; N/A   ; None         ; 6.697 ns   ; clk_sig ; clk_out ; clk        ;
+-------+--------------+------------+---------+---------+------------+


+--------------------------+
; Timing Analyzer Messages ;
+--------------------------+
Info: *******************************************************************
Info: Running Quartus II Classic Timing Analyzer
    Info: Version 9.1 Build 350 03/24/2010 Service Pack 2 SJ Web Edition
    Info: Processing started: Sun Sep 06 18:19:56 2020
Info: Command: quartus_tan --read_settings_files=off --write_settings_files=off diviseur -c diviseur --timing_analysis_only
Warning: Found pins functioning as undefined clocks and/or memory enables
    Info: Assuming node "clk" is an undefined clock
Info: Clock "clk" has Internal fmax of 254.65 MHz between source register "cpt[23]" and destination register "cpt[16]" (period= 3.927 ns)
    Info: + Longest register to register delay is 3.712 ns
        Info: 1: + IC(0.000 ns) + CELL(0.000 ns) = 0.000 ns; Loc. = LCFF_X42_Y28_N19; Fanout = 3; REG Node = 'cpt[23]'
        Info: 2: + IC(0.722 ns) + CELL(0.275 ns) = 0.997 ns; Loc. = LCCOMB_X41_Y28_N6; Fanout = 1; COMB Node = 'Equal0~1'
        Info: 3: + IC(0.267 ns) + CELL(0.410 ns) = 1.674 ns; Loc. = LCCOMB_X41_Y28_N0; Fanout = 1; COMB Node = 'Equal0~4'
        Info: 4: + IC(0.648 ns) + CELL(0.150 ns) = 2.472 ns; Loc. = LCCOMB_X42_Y29_N2; Fanout = 14; COMB Node = 'Equal0~8'
        Info: 5: + IC(1.006 ns) + CELL(0.150 ns) = 3.628 ns; Loc. = LCCOMB_X41_Y28_N16; Fanout = 1; COMB Node = 'cpt~7'
        Info: 6: + IC(0.000 ns) + CELL(0.084 ns) = 3.712 ns; Loc. = LCFF_X41_Y28_N17; Fanout = 3; REG Node = 'cpt[16]'
        Info: Total cell delay = 1.069 ns ( 28.80 % )
        Info: Total interconnect delay = 2.643 ns ( 71.20 % )
    Info: - Smallest clock skew is -0.001 ns
        Info: + Shortest clock path from clock "clk" to destination register is 2.651 ns
            Info: 1: + IC(0.000 ns) + CELL(0.999 ns) = 0.999 ns; Loc. = PIN_P2; Fanout = 1; CLK Node = 'clk'
            Info: 2: + IC(0.118 ns) + CELL(0.000 ns) = 1.117 ns; Loc. = CLKCTRL_G3; Fanout = 29; COMB Node = 'clk~clkctrl'
            Info: 3: + IC(0.997 ns) + CELL(0.537 ns) = 2.651 ns; Loc. = LCFF_X41_Y28_N17; Fanout = 3; REG Node = 'cpt[16]'
            Info: Total cell delay = 1.536 ns ( 57.94 % )
            Info: Total interconnect delay = 1.115 ns ( 42.06 % )
        Info: - Longest clock path from clock "clk" to source register is 2.652 ns
            Info: 1: + IC(0.000 ns) + CELL(0.999 ns) = 0.999 ns; Loc. = PIN_P2; Fanout = 1; CLK Node = 'clk'
            Info: 2: + IC(0.118 ns) + CELL(0.000 ns) = 1.117 ns; Loc. = CLKCTRL_G3; Fanout = 29; COMB Node = 'clk~clkctrl'
            Info: 3: + IC(0.998 ns) + CELL(0.537 ns) = 2.652 ns; Loc. = LCFF_X42_Y28_N19; Fanout = 3; REG Node = 'cpt[23]'
            Info: Total cell delay = 1.536 ns ( 57.92 % )
            Info: Total interconnect delay = 1.116 ns ( 42.08 % )
    Info: + Micro clock to output delay of source is 0.250 ns
    Info: + Micro setup delay of destination is -0.036 ns
Info: tco from clock "clk" to destination pin "clk_out" through register "clk_sig" is 6.697 ns
    Info: + Longest clock path from clock "clk" to source register is 2.651 ns
        Info: 1: + IC(0.000 ns) + CELL(0.999 ns) = 0.999 ns; Loc. = PIN_P2; Fanout = 1; CLK Node = 'clk'
        Info: 2: + IC(0.118 ns) + CELL(0.000 ns) = 1.117 ns; Loc. = CLKCTRL_G3; Fanout = 29; COMB Node = 'clk~clkctrl'
        Info: 3: + IC(0.997 ns) + CELL(0.537 ns) = 2.651 ns; Loc. = LCFF_X41_Y28_N25; Fanout = 2; REG Node = 'clk_sig'
        Info: Total cell delay = 1.536 ns ( 57.94 % )
        Info: Total interconnect delay = 1.115 ns ( 42.06 % )
    Info: + Micro clock to output delay of source is 0.250 ns
    Info: + Longest register to pin delay is 3.796 ns
        Info: 1: + IC(0.000 ns) + CELL(0.000 ns) = 0.000 ns; Loc. = LCFF_X41_Y28_N25; Fanout = 2; REG Node = 'clk_sig'
        Info: 2: + IC(1.008 ns) + CELL(2.788 ns) = 3.796 ns; Loc. = PIN_D16; Fanout = 0; PIN Node = 'clk_out'
        Info: Total cell delay = 2.788 ns ( 73.45 % )
        Info: Total interconnect delay = 1.008 ns ( 26.55 % )
Info: Quartus II Classic Timing Analyzer was successful. 0 errors, 1 warning
    Info: Peak virtual memory: 167 megabytes
    Info: Processing ended: Sun Sep 06 18:19:56 2020
    Info: Elapsed time: 00:00:00
    Info: Total CPU time (on all processors): 00:00:00


